2023-06-05 14:48:07 - [main] INFO  com.dengzebin.netdisk.NetdiskApplication -Starting NetdiskApplication using Java 11.0.6 on LAPTOP-QNRSCJLR with PID 22344 (D:\ideawork\dzbnetdisk\target\classes started by 34006 in D:\ideawork\dzbnetdisk)
2023-06-05 14:48:07 - [main] INFO  com.dengzebin.netdisk.NetdiskApplication -No active profile set, falling back to 1 default profile: "default"
2023-06-05 14:48:07 - [main] INFO  o.s.boot.web.embedded.tomcat.TomcatWebServer -Tomcat initialized with port(s): 8082 (http)
2023-06-05 14:48:07 - [main] INFO  org.apache.coyote.http11.Http11NioProtocol -Initializing ProtocolHandler ["http-nio-8082"]
2023-06-05 14:48:07 - [main] INFO  org.apache.catalina.core.StandardService -Starting service [Tomcat]
2023-06-05 14:48:07 - [main] INFO  org.apache.catalina.core.StandardEngine -Starting Servlet engine: [Apache Tomcat/9.0.75]
2023-06-05 14:48:08 - [main] INFO  o.a.c.core.ContainerBase.[Tomcat].[localhost].[/] -Initializing Spring embedded WebApplicationContext
2023-06-05 14:48:08 - [main] INFO  o.s.b.w.s.c.ServletWebServerApplicationContext -Root WebApplicationContext: initialization completed in 980 ms
2023-06-05 14:48:08 - [main] INFO  com.zaxxer.hikari.HikariDataSource -yewu - Starting...
2023-06-05 14:48:08 - [main] INFO  com.zaxxer.hikari.HikariDataSource -yewu - Start completed.
2023-06-05 14:48:08 - [main] INFO  c.b.dynamic.datasource.DynamicRoutingDataSource -dynamic-datasource - add a datasource named [yewu] success
2023-06-05 14:48:08 - [main] INFO  c.b.dynamic.datasource.DynamicRoutingDataSource -dynamic-datasource initial loaded [1] datasource,primary datasource named [yewu]
2023-06-05 14:48:12 - [main] INFO  org.apache.coyote.http11.Http11NioProtocol -Starting ProtocolHandler ["http-nio-8082"]
2023-06-05 14:48:12 - [main] INFO  o.s.boot.web.embedded.tomcat.TomcatWebServer -Tomcat started on port(s): 8082 (http) with context path ''
2023-06-05 14:48:12 - [main] INFO  com.dengzebin.netdisk.NetdiskApplication -Started NetdiskApplication in 5.991 seconds (JVM running for 9.107)
2023-06-05 14:49:05 - [http-nio-8082-exec-1] INFO  o.a.c.core.ContainerBase.[Tomcat].[localhost].[/] -Initializing Spring DispatcherServlet 'dispatcherServlet'
2023-06-05 14:49:05 - [http-nio-8082-exec-1] INFO  org.springframework.web.servlet.DispatcherServlet -Initializing Servlet 'dispatcherServlet'
2023-06-05 14:49:05 - [http-nio-8082-exec-1] INFO  org.springframework.web.servlet.DispatcherServlet -Completed initialization in 1 ms
2023-06-05 14:49:05 - [http-nio-8082-exec-1] INFO  com.dengzebin.netdisk.untils.RequestDetail -客户端请求路径：/netDisk/get_folder_list
2023-06-05 14:49:05 - [http-nio-8082-exec-3] INFO  com.dengzebin.netdisk.untils.RequestDetail -客户端请求路径：/netDisk/get_folder_list
2023-06-05 14:51:55 - [http-nio-8082-exec-4] INFO  com.dengzebin.netdisk.untils.RequestDetail -客户端请求路径：/netDisk/get_folder_list
2023-06-05 14:51:55 - [http-nio-8082-exec-6] INFO  com.dengzebin.netdisk.untils.RequestDetail -客户端请求路径：/netDisk/get_breadcrumb
2023-06-05 14:51:55 - [http-nio-8082-exec-2] INFO  com.dengzebin.netdisk.untils.RequestDetail -客户端请求路径：/netDisk/get_folder_list
2023-06-05 14:51:58 - [http-nio-8082-exec-5] INFO  com.dengzebin.netdisk.untils.RequestDetail -客户端请求路径：/netDisk/get_breadcrumb
2023-06-05 14:51:58 - [http-nio-8082-exec-7] INFO  com.dengzebin.netdisk.untils.RequestDetail -客户端请求路径：/netDisk/get_folder_list
2023-06-05 14:51:58 - [http-nio-8082-exec-9] INFO  com.dengzebin.netdisk.untils.RequestDetail -客户端请求路径：/netDisk/get_folder_list
2023-06-05 14:52:00 - [http-nio-8082-exec-8] INFO  com.dengzebin.netdisk.untils.RequestDetail -客户端请求路径：/netDisk/get_folder_list
2023-06-05 14:52:00 - [http-nio-8082-exec-10] INFO  com.dengzebin.netdisk.untils.RequestDetail -客户端请求路径：/netDisk/get_breadcrumb
2023-06-05 14:52:00 - [http-nio-8082-exec-1] INFO  com.dengzebin.netdisk.untils.RequestDetail -客户端请求路径：/netDisk/get_folder_list
2023-06-05 14:52:02 - [http-nio-8082-exec-3] INFO  com.dengzebin.netdisk.untils.RequestDetail -客户端请求路径：/netDisk/get_folder_list
2023-06-05 14:52:02 - [http-nio-8082-exec-4] INFO  com.dengzebin.netdisk.untils.RequestDetail -客户端请求路径：/netDisk/get_breadcrumb
2023-06-05 14:52:02 - [http-nio-8082-exec-6] INFO  com.dengzebin.netdisk.untils.RequestDetail -客户端请求路径：/netDisk/get_folder_list
2023-06-05 14:52:03 - [http-nio-8082-exec-2] INFO  com.dengzebin.netdisk.untils.RequestDetail -客户端请求路径：/netDisk/get_breadcrumb
2023-06-05 14:52:04 - [http-nio-8082-exec-5] INFO  com.dengzebin.netdisk.untils.RequestDetail -客户端请求路径：/netDisk/get_folder_list
2023-06-05 14:52:05 - [http-nio-8082-exec-9] INFO  com.dengzebin.netdisk.untils.RequestDetail -客户端请求路径：/netDisk/get_folder_list
2023-06-05 14:52:05 - [http-nio-8082-exec-7] INFO  com.dengzebin.netdisk.untils.RequestDetail -客户端请求路径：/netDisk/get_breadcrumb
2023-06-05 14:52:05 - [http-nio-8082-exec-8] INFO  com.dengzebin.netdisk.untils.RequestDetail -客户端请求路径：/netDisk/get_folder_list
2023-06-05 15:07:43 - [main] INFO  com.dengzebin.netdisk.NetdiskApplication -Starting NetdiskApplication using Java 11.0.6 on LAPTOP-QNRSCJLR with PID 3184 (D:\ideawork\dzbnetdisk\target\classes started by 34006 in D:\ideawork\dzbnetdisk)
2023-06-05 15:07:43 - [main] INFO  com.dengzebin.netdisk.NetdiskApplication -No active profile set, falling back to 1 default profile: "default"
2023-06-05 15:07:44 - [main] INFO  o.s.boot.web.embedded.tomcat.TomcatWebServer -Tomcat initialized with port(s): 8082 (http)
2023-06-05 15:07:44 - [main] INFO  org.apache.coyote.http11.Http11NioProtocol -Initializing ProtocolHandler ["http-nio-8082"]
2023-06-05 15:07:44 - [main] INFO  org.apache.catalina.core.StandardService -Starting service [Tomcat]
2023-06-05 15:07:44 - [main] INFO  org.apache.catalina.core.StandardEngine -Starting Servlet engine: [Apache Tomcat/9.0.75]
2023-06-05 15:07:44 - [main] INFO  o.a.c.core.ContainerBase.[Tomcat].[localhost].[/] -Initializing Spring embedded WebApplicationContext
2023-06-05 15:07:44 - [main] INFO  o.s.b.w.s.c.ServletWebServerApplicationContext -Root WebApplicationContext: initialization completed in 895 ms
2023-06-05 15:07:45 - [main] INFO  com.zaxxer.hikari.HikariDataSource -yewu - Starting...
2023-06-05 15:07:45 - [main] INFO  com.zaxxer.hikari.HikariDataSource -yewu - Start completed.
2023-06-05 15:07:45 - [main] INFO  c.b.dynamic.datasource.DynamicRoutingDataSource -dynamic-datasource - add a datasource named [yewu] success
2023-06-05 15:07:45 - [main] INFO  c.b.dynamic.datasource.DynamicRoutingDataSource -dynamic-datasource initial loaded [1] datasource,primary datasource named [yewu]
2023-06-05 15:07:49 - [main] INFO  org.apache.coyote.http11.Http11NioProtocol -Starting ProtocolHandler ["http-nio-8082"]
2023-06-05 15:07:49 - [main] INFO  o.s.boot.web.embedded.tomcat.TomcatWebServer -Tomcat started on port(s): 8082 (http) with context path ''
2023-06-05 15:07:49 - [main] INFO  com.dengzebin.netdisk.NetdiskApplication -Started NetdiskApplication in 5.863 seconds (JVM running for 8.929)
2023-06-05 15:08:52 - [http-nio-8082-exec-1] INFO  o.a.c.core.ContainerBase.[Tomcat].[localhost].[/] -Initializing Spring DispatcherServlet 'dispatcherServlet'
2023-06-05 15:08:52 - [http-nio-8082-exec-1] INFO  org.springframework.web.servlet.DispatcherServlet -Initializing Servlet 'dispatcherServlet'
2023-06-05 15:08:52 - [http-nio-8082-exec-1] INFO  org.springframework.web.servlet.DispatcherServlet -Completed initialization in 2 ms
2023-06-05 15:08:52 - [http-nio-8082-exec-1] INFO  com.dengzebin.netdisk.untils.RequestDetail -客户端请求路径：/netDisk/get_folder_list
2023-06-05 15:08:52 - [http-nio-8082-exec-3] INFO  com.dengzebin.netdisk.untils.RequestDetail -客户端请求路径：/netDisk/get_folder_list
2023-06-05 15:08:54 - [http-nio-8082-exec-2] INFO  com.dengzebin.netdisk.untils.RequestDetail -客户端请求路径：/netDisk/get_folder_list
2023-06-05 15:08:54 - [http-nio-8082-exec-4] INFO  com.dengzebin.netdisk.untils.RequestDetail -客户端请求路径：/netDisk/get_breadcrumb
2023-06-05 15:08:54 - [http-nio-8082-exec-9] INFO  com.dengzebin.netdisk.untils.RequestDetail -客户端请求路径：/netDisk/get_folder_list
2023-06-05 15:08:55 - [http-nio-8082-exec-5] INFO  com.dengzebin.netdisk.untils.RequestDetail -客户端请求路径：/netDisk/get_breadcrumb
2023-06-05 15:08:55 - [http-nio-8082-exec-7] INFO  com.dengzebin.netdisk.untils.RequestDetail -客户端请求路径：/netDisk/get_folder_list
2023-06-05 15:08:56 - [http-nio-8082-exec-8] INFO  com.dengzebin.netdisk.untils.RequestDetail -客户端请求路径：/netDisk/get_folder_list
2023-06-05 15:08:56 - [http-nio-8082-exec-6] INFO  com.dengzebin.netdisk.untils.RequestDetail -客户端请求路径：/netDisk/get_folder_list
2023-06-05 15:08:56 - [http-nio-8082-exec-1] INFO  com.dengzebin.netdisk.untils.RequestDetail -客户端请求路径：/netDisk/get_folder_list
2023-06-05 15:08:56 - [http-nio-8082-exec-10] INFO  com.dengzebin.netdisk.untils.RequestDetail -客户端请求路径：/netDisk/get_breadcrumb
2023-06-05 15:08:57 - [http-nio-8082-exec-3] INFO  com.dengzebin.netdisk.untils.RequestDetail -客户端请求路径：/netDisk/get_folder_list
2023-06-05 15:08:58 - [http-nio-8082-exec-2] INFO  com.dengzebin.netdisk.untils.RequestDetail -客户端请求路径：/netDisk/get_breadcrumb
2023-06-05 15:08:58 - [http-nio-8082-exec-9] INFO  com.dengzebin.netdisk.untils.RequestDetail -客户端请求路径：/netDisk/get_folder_list
2023-06-05 15:08:58 - [http-nio-8082-exec-4] INFO  com.dengzebin.netdisk.untils.RequestDetail -客户端请求路径：/netDisk/get_breadcrumb
2023-06-05 15:08:59 - [http-nio-8082-exec-5] INFO  com.dengzebin.netdisk.untils.RequestDetail -客户端请求路径：/netDisk/get_folder_list
2023-06-05 15:08:59 - [http-nio-8082-exec-7] INFO  com.dengzebin.netdisk.untils.RequestDetail -客户端请求路径：/netDisk/get_folder_list
