2023-06-01 08:53:51 - [main] INFO  com.dengzebin.netdisk.NetdiskApplication -Starting NetdiskApplication using Java 11.0.6 on LAPTOP-QNRSCJLR with PID 13676 (D:\ideawork\dzbnetdisk\target\classes started by 34006 in D:\ideawork\dzbnetdisk)
2023-06-01 08:53:51 - [main] INFO  com.dengzebin.netdisk.NetdiskApplication -No active profile set, falling back to 1 default profile: "default"
2023-06-01 08:53:52 - [main] INFO  o.s.boot.web.embedded.tomcat.TomcatWebServer -Tomcat initialized with port(s): 8082 (http)
2023-06-01 08:53:52 - [main] INFO  org.apache.coyote.http11.Http11NioProtocol -Initializing ProtocolHandler ["http-nio-8082"]
2023-06-01 08:53:52 - [main] INFO  org.apache.catalina.core.StandardService -Starting service [Tomcat]
2023-06-01 08:53:52 - [main] INFO  org.apache.catalina.core.StandardEngine -Starting Servlet engine: [Apache Tomcat/9.0.75]
2023-06-01 08:53:52 - [main] INFO  o.a.c.core.ContainerBase.[Tomcat].[localhost].[/] -Initializing Spring embedded WebApplicationContext
2023-06-01 08:53:52 - [main] INFO  o.s.b.w.s.c.ServletWebServerApplicationContext -Root WebApplicationContext: initialization completed in 988 ms
2023-06-01 08:53:52 - [main] INFO  com.zaxxer.hikari.HikariDataSource -yewu - Starting...
2023-06-01 08:53:52 - [main] INFO  com.zaxxer.hikari.HikariDataSource -yewu - Start completed.
2023-06-01 08:53:52 - [main] INFO  c.b.dynamic.datasource.DynamicRoutingDataSource -dynamic-datasource - add a datasource named [yewu] success
2023-06-01 08:53:52 - [main] INFO  c.b.dynamic.datasource.DynamicRoutingDataSource -dynamic-datasource initial loaded [1] datasource,primary datasource named [yewu]
2023-06-01 08:53:57 - [main] INFO  org.apache.coyote.http11.Http11NioProtocol -Starting ProtocolHandler ["http-nio-8082"]
2023-06-01 08:53:57 - [main] INFO  o.s.boot.web.embedded.tomcat.TomcatWebServer -Tomcat started on port(s): 8082 (http) with context path ''
2023-06-01 08:53:57 - [main] INFO  com.dengzebin.netdisk.NetdiskApplication -Started NetdiskApplication in 5.847 seconds (JVM running for 8.916)
2023-06-01 08:55:16 - [http-nio-8082-exec-1] INFO  o.a.c.core.ContainerBase.[Tomcat].[localhost].[/] -Initializing Spring DispatcherServlet 'dispatcherServlet'
2023-06-01 08:55:16 - [http-nio-8082-exec-1] INFO  org.springframework.web.servlet.DispatcherServlet -Initializing Servlet 'dispatcherServlet'
2023-06-01 08:55:16 - [http-nio-8082-exec-1] INFO  org.springframework.web.servlet.DispatcherServlet -Completed initialization in 3 ms
2023-06-01 08:55:16 - [http-nio-8082-exec-1] INFO  com.dengzebin.netdisk.untils.RequestDetail -客户端请求路径：/netDisk/get_folder_list
2023-06-01 08:55:30 - [http-nio-8082-exec-2] INFO  com.dengzebin.netdisk.untils.RequestDetail -客户端请求路径：/netDisk/update_folder
2023-06-01 08:55:35 - [http-nio-8082-exec-3] INFO  com.dengzebin.netdisk.untils.RequestDetail -客户端请求路径：/netDisk/get_folder_list
2023-06-01 08:56:03 - [http-nio-8082-exec-4] INFO  com.dengzebin.netdisk.untils.RequestDetail -客户端请求路径：/netDisk/get_folder_list
2023-06-01 08:56:05 - [http-nio-8082-exec-6] INFO  com.dengzebin.netdisk.untils.RequestDetail -客户端请求路径：/netDisk/get_folder_list
2023-06-01 08:56:48 - [http-nio-8082-exec-5] INFO  com.dengzebin.netdisk.untils.RequestDetail -客户端请求路径：/netDisk/get_folder_list
2023-06-01 08:56:50 - [http-nio-8082-exec-7] INFO  com.dengzebin.netdisk.untils.RequestDetail -客户端请求路径：/netDisk/get_folder_list
2023-06-01 08:57:36 - [http-nio-8082-exec-8] INFO  com.dengzebin.netdisk.untils.RequestDetail -客户端请求路径：/netDisk/get_folder_list
2023-06-01 08:57:39 - [http-nio-8082-exec-9] INFO  com.dengzebin.netdisk.untils.RequestDetail -客户端请求路径：/netDisk/get_folder_list
2023-06-01 08:59:29 - [http-nio-8082-exec-10] INFO  com.dengzebin.netdisk.untils.RequestDetail -客户端请求路径：/netDisk/get_folder_list
2023-06-01 08:59:32 - [http-nio-8082-exec-1] INFO  com.dengzebin.netdisk.untils.RequestDetail -客户端请求路径：/netDisk/get_folder_list
2023-06-01 09:00:05 - [http-nio-8082-exec-2] INFO  com.dengzebin.netdisk.untils.RequestDetail -客户端请求路径：/netDisk/get_folder_list
2023-06-01 09:00:28 - [http-nio-8082-exec-3] INFO  com.dengzebin.netdisk.untils.RequestDetail -客户端请求路径：/netDisk/get_folder_list
2023-06-01 09:00:31 - [http-nio-8082-exec-4] INFO  com.dengzebin.netdisk.untils.RequestDetail -客户端请求路径：/netDisk/get_folder_list
2023-06-01 09:07:35 - [http-nio-8082-exec-6] INFO  com.dengzebin.netdisk.untils.RequestDetail -客户端请求路径：/netDisk/get_folder_list
2023-06-01 09:25:21 - [main] INFO  o.s.b.t.context.SpringBootTestContextBootstrapper -Neither @ContextConfiguration nor @ContextHierarchy found for test class [com.dengzebin.netdisk.NetdiskApplicationTests], using SpringBootContextLoader
2023-06-01 09:25:21 - [main] INFO  o.s.test.context.support.AbstractContextLoader -Could not detect default resource locations for test class [com.dengzebin.netdisk.NetdiskApplicationTests]: no resource found for suffixes {-context.xml, Context.groovy}.
2023-06-01 09:25:21 - [main] INFO  o.s.t.c.support.AnnotationConfigContextLoaderUtils -Could not detect default configuration classes for test class [com.dengzebin.netdisk.NetdiskApplicationTests]: NetdiskApplicationTests does not declare any static, non-private, non-final, nested classes annotated with @Configuration.
2023-06-01 09:25:21 - [main] INFO  o.s.b.t.context.SpringBootTestContextBootstrapper -Found @SpringBootConfiguration com.dengzebin.netdisk.NetdiskApplication for test class com.dengzebin.netdisk.NetdiskApplicationTests
2023-06-01 09:25:21 - [main] INFO  o.s.b.t.context.SpringBootTestContextBootstrapper -Loaded default TestExecutionListener class names from location [META-INF/spring.factories]: [org.springframework.boot.test.mock.mockito.MockitoTestExecutionListener, org.springframework.boot.test.mock.mockito.ResetMocksTestExecutionListener, org.springframework.boot.test.autoconfigure.restdocs.RestDocsTestExecutionListener, org.springframework.boot.test.autoconfigure.web.client.MockRestServiceServerResetTestExecutionListener, org.springframework.boot.test.autoconfigure.web.servlet.MockMvcPrintOnlyOnFailureTestExecutionListener, org.springframework.boot.test.autoconfigure.web.servlet.WebDriverTestExecutionListener, org.springframework.boot.test.autoconfigure.webservices.client.MockWebServiceServerTestExecutionListener, org.springframework.test.context.web.ServletTestExecutionListener, org.springframework.test.context.support.DirtiesContextBeforeModesTestExecutionListener, org.springframework.test.context.event.ApplicationEventsTestExecutionListener, org.springframework.test.context.support.DependencyInjectionTestExecutionListener, org.springframework.test.context.support.DirtiesContextTestExecutionListener, org.springframework.test.context.transaction.TransactionalTestExecutionListener, org.springframework.test.context.jdbc.SqlScriptsTestExecutionListener, org.springframework.test.context.event.EventPublishingTestExecutionListener]
2023-06-01 09:25:21 - [main] INFO  o.s.b.t.context.SpringBootTestContextBootstrapper -Using TestExecutionListeners: [org.springframework.test.context.web.ServletTestExecutionListener@18a3962d, org.springframework.test.context.support.DirtiesContextBeforeModesTestExecutionListener@78aea4b9, org.springframework.test.context.event.ApplicationEventsTestExecutionListener@2a65bb85, org.springframework.boot.test.mock.mockito.MockitoTestExecutionListener@4b85880b, org.springframework.boot.test.autoconfigure.SpringBootDependencyInjectionTestExecutionListener@4f936da8, org.springframework.test.context.support.DirtiesContextTestExecutionListener@4215838f, org.springframework.test.context.transaction.TransactionalTestExecutionListener@452ba1db, org.springframework.test.context.jdbc.SqlScriptsTestExecutionListener@2289aca5, org.springframework.test.context.event.EventPublishingTestExecutionListener@76a36b71, org.springframework.boot.test.mock.mockito.ResetMocksTestExecutionListener@184497d1, org.springframework.boot.test.autoconfigure.restdocs.RestDocsTestExecutionListener@f9d87b, org.springframework.boot.test.autoconfigure.web.client.MockRestServiceServerResetTestExecutionListener@6ffab045, org.springframework.boot.test.autoconfigure.web.servlet.MockMvcPrintOnlyOnFailureTestExecutionListener@26fb628, org.springframework.boot.test.autoconfigure.web.servlet.WebDriverTestExecutionListener@3e2943ab, org.springframework.boot.test.autoconfigure.webservices.client.MockWebServiceServerTestExecutionListener@70dd7e15]
2023-06-01 09:25:21 - [main] INFO  com.dengzebin.netdisk.NetdiskApplicationTests -Starting NetdiskApplicationTests using Java 11.0.6 on LAPTOP-QNRSCJLR with PID 8312 (started by 34006 in D:\ideawork\dzbnetdisk)
2023-06-01 09:25:21 - [main] INFO  com.dengzebin.netdisk.NetdiskApplicationTests -No active profile set, falling back to 1 default profile: "default"
2023-06-01 09:25:23 - [main] INFO  com.zaxxer.hikari.HikariDataSource -yewu - Starting...
2023-06-01 09:25:23 - [main] INFO  com.zaxxer.hikari.HikariDataSource -yewu - Start completed.
2023-06-01 09:25:23 - [main] INFO  c.b.dynamic.datasource.DynamicRoutingDataSource -dynamic-datasource - add a datasource named [yewu] success
2023-06-01 09:25:23 - [main] INFO  c.b.dynamic.datasource.DynamicRoutingDataSource -dynamic-datasource initial loaded [1] datasource,primary datasource named [yewu]
2023-06-01 09:25:28 - [main] INFO  com.dengzebin.netdisk.NetdiskApplicationTests -Started NetdiskApplicationTests in 6.621 seconds (JVM running for 7.765)
2023-06-01 09:25:28 - [SpringApplicationShutdownHook] INFO  c.b.dynamic.datasource.DynamicRoutingDataSource -dynamic-datasource start closing ....
2023-06-01 09:25:28 - [SpringApplicationShutdownHook] INFO  com.zaxxer.hikari.HikariDataSource -yewu - Shutdown initiated...
2023-06-01 09:25:28 - [SpringApplicationShutdownHook] INFO  com.zaxxer.hikari.HikariDataSource -yewu - Shutdown completed.
2023-06-01 09:25:28 - [SpringApplicationShutdownHook] INFO  c.b.dynamic.datasource.DynamicRoutingDataSource -dynamic-datasource all closed success,bye
2023-06-01 09:26:16 - [main] INFO  o.s.b.t.context.SpringBootTestContextBootstrapper -Neither @ContextConfiguration nor @ContextHierarchy found for test class [com.dengzebin.netdisk.NetdiskApplicationTests], using SpringBootContextLoader
2023-06-01 09:26:16 - [main] INFO  o.s.test.context.support.AbstractContextLoader -Could not detect default resource locations for test class [com.dengzebin.netdisk.NetdiskApplicationTests]: no resource found for suffixes {-context.xml, Context.groovy}.
2023-06-01 09:26:16 - [main] INFO  o.s.t.c.support.AnnotationConfigContextLoaderUtils -Could not detect default configuration classes for test class [com.dengzebin.netdisk.NetdiskApplicationTests]: NetdiskApplicationTests does not declare any static, non-private, non-final, nested classes annotated with @Configuration.
2023-06-01 09:26:16 - [main] INFO  o.s.b.t.context.SpringBootTestContextBootstrapper -Found @SpringBootConfiguration com.dengzebin.netdisk.NetdiskApplication for test class com.dengzebin.netdisk.NetdiskApplicationTests
2023-06-01 09:26:16 - [main] INFO  o.s.b.t.context.SpringBootTestContextBootstrapper -Loaded default TestExecutionListener class names from location [META-INF/spring.factories]: [org.springframework.boot.test.mock.mockito.MockitoTestExecutionListener, org.springframework.boot.test.mock.mockito.ResetMocksTestExecutionListener, org.springframework.boot.test.autoconfigure.restdocs.RestDocsTestExecutionListener, org.springframework.boot.test.autoconfigure.web.client.MockRestServiceServerResetTestExecutionListener, org.springframework.boot.test.autoconfigure.web.servlet.MockMvcPrintOnlyOnFailureTestExecutionListener, org.springframework.boot.test.autoconfigure.web.servlet.WebDriverTestExecutionListener, org.springframework.boot.test.autoconfigure.webservices.client.MockWebServiceServerTestExecutionListener, org.springframework.test.context.web.ServletTestExecutionListener, org.springframework.test.context.support.DirtiesContextBeforeModesTestExecutionListener, org.springframework.test.context.event.ApplicationEventsTestExecutionListener, org.springframework.test.context.support.DependencyInjectionTestExecutionListener, org.springframework.test.context.support.DirtiesContextTestExecutionListener, org.springframework.test.context.transaction.TransactionalTestExecutionListener, org.springframework.test.context.jdbc.SqlScriptsTestExecutionListener, org.springframework.test.context.event.EventPublishingTestExecutionListener]
2023-06-01 09:26:16 - [main] INFO  o.s.b.t.context.SpringBootTestContextBootstrapper -Using TestExecutionListeners: [org.springframework.test.context.web.ServletTestExecutionListener@18a3962d, org.springframework.test.context.support.DirtiesContextBeforeModesTestExecutionListener@78aea4b9, org.springframework.test.context.event.ApplicationEventsTestExecutionListener@2a65bb85, org.springframework.boot.test.mock.mockito.MockitoTestExecutionListener@4b85880b, org.springframework.boot.test.autoconfigure.SpringBootDependencyInjectionTestExecutionListener@4f936da8, org.springframework.test.context.support.DirtiesContextTestExecutionListener@4215838f, org.springframework.test.context.transaction.TransactionalTestExecutionListener@452ba1db, org.springframework.test.context.jdbc.SqlScriptsTestExecutionListener@2289aca5, org.springframework.test.context.event.EventPublishingTestExecutionListener@76a36b71, org.springframework.boot.test.mock.mockito.ResetMocksTestExecutionListener@184497d1, org.springframework.boot.test.autoconfigure.restdocs.RestDocsTestExecutionListener@f9d87b, org.springframework.boot.test.autoconfigure.web.client.MockRestServiceServerResetTestExecutionListener@6ffab045, org.springframework.boot.test.autoconfigure.web.servlet.MockMvcPrintOnlyOnFailureTestExecutionListener@26fb628, org.springframework.boot.test.autoconfigure.web.servlet.WebDriverTestExecutionListener@3e2943ab, org.springframework.boot.test.autoconfigure.webservices.client.MockWebServiceServerTestExecutionListener@70dd7e15]
2023-06-01 09:26:16 - [main] INFO  com.dengzebin.netdisk.NetdiskApplicationTests -Starting NetdiskApplicationTests using Java 11.0.6 on LAPTOP-QNRSCJLR with PID 13788 (started by 34006 in D:\ideawork\dzbnetdisk)
2023-06-01 09:26:16 - [main] INFO  com.dengzebin.netdisk.NetdiskApplicationTests -No active profile set, falling back to 1 default profile: "default"
2023-06-01 09:26:18 - [main] INFO  com.zaxxer.hikari.HikariDataSource -yewu - Starting...
2023-06-01 09:26:18 - [main] INFO  com.zaxxer.hikari.HikariDataSource -yewu - Start completed.
2023-06-01 09:26:18 - [main] INFO  c.b.dynamic.datasource.DynamicRoutingDataSource -dynamic-datasource - add a datasource named [yewu] success
2023-06-01 09:26:18 - [main] INFO  c.b.dynamic.datasource.DynamicRoutingDataSource -dynamic-datasource initial loaded [1] datasource,primary datasource named [yewu]
2023-06-01 09:26:23 - [main] INFO  com.dengzebin.netdisk.NetdiskApplicationTests -Started NetdiskApplicationTests in 6.821 seconds (JVM running for 8.007)
2023-06-01 09:26:23 - [SpringApplicationShutdownHook] INFO  c.b.dynamic.datasource.DynamicRoutingDataSource -dynamic-datasource start closing ....
2023-06-01 09:26:23 - [SpringApplicationShutdownHook] INFO  com.zaxxer.hikari.HikariDataSource -yewu - Shutdown initiated...
2023-06-01 09:26:23 - [SpringApplicationShutdownHook] INFO  com.zaxxer.hikari.HikariDataSource -yewu - Shutdown completed.
2023-06-01 09:26:23 - [SpringApplicationShutdownHook] INFO  c.b.dynamic.datasource.DynamicRoutingDataSource -dynamic-datasource all closed success,bye
2023-06-01 09:27:29 - [main] INFO  o.s.b.t.context.SpringBootTestContextBootstrapper -Neither @ContextConfiguration nor @ContextHierarchy found for test class [com.dengzebin.netdisk.NetdiskApplicationTests], using SpringBootContextLoader
2023-06-01 09:27:29 - [main] INFO  o.s.test.context.support.AbstractContextLoader -Could not detect default resource locations for test class [com.dengzebin.netdisk.NetdiskApplicationTests]: no resource found for suffixes {-context.xml, Context.groovy}.
2023-06-01 09:27:29 - [main] INFO  o.s.t.c.support.AnnotationConfigContextLoaderUtils -Could not detect default configuration classes for test class [com.dengzebin.netdisk.NetdiskApplicationTests]: NetdiskApplicationTests does not declare any static, non-private, non-final, nested classes annotated with @Configuration.
2023-06-01 09:27:30 - [main] INFO  o.s.b.t.context.SpringBootTestContextBootstrapper -Found @SpringBootConfiguration com.dengzebin.netdisk.NetdiskApplication for test class com.dengzebin.netdisk.NetdiskApplicationTests
2023-06-01 09:27:30 - [main] INFO  o.s.b.t.context.SpringBootTestContextBootstrapper -Loaded default TestExecutionListener class names from location [META-INF/spring.factories]: [org.springframework.boot.test.mock.mockito.MockitoTestExecutionListener, org.springframework.boot.test.mock.mockito.ResetMocksTestExecutionListener, org.springframework.boot.test.autoconfigure.restdocs.RestDocsTestExecutionListener, org.springframework.boot.test.autoconfigure.web.client.MockRestServiceServerResetTestExecutionListener, org.springframework.boot.test.autoconfigure.web.servlet.MockMvcPrintOnlyOnFailureTestExecutionListener, org.springframework.boot.test.autoconfigure.web.servlet.WebDriverTestExecutionListener, org.springframework.boot.test.autoconfigure.webservices.client.MockWebServiceServerTestExecutionListener, org.springframework.test.context.web.ServletTestExecutionListener, org.springframework.test.context.support.DirtiesContextBeforeModesTestExecutionListener, org.springframework.test.context.event.ApplicationEventsTestExecutionListener, org.springframework.test.context.support.DependencyInjectionTestExecutionListener, org.springframework.test.context.support.DirtiesContextTestExecutionListener, org.springframework.test.context.transaction.TransactionalTestExecutionListener, org.springframework.test.context.jdbc.SqlScriptsTestExecutionListener, org.springframework.test.context.event.EventPublishingTestExecutionListener]
2023-06-01 09:27:30 - [main] INFO  o.s.b.t.context.SpringBootTestContextBootstrapper -Using TestExecutionListeners: [org.springframework.test.context.web.ServletTestExecutionListener@18a3962d, org.springframework.test.context.support.DirtiesContextBeforeModesTestExecutionListener@78aea4b9, org.springframework.test.context.event.ApplicationEventsTestExecutionListener@2a65bb85, org.springframework.boot.test.mock.mockito.MockitoTestExecutionListener@4b85880b, org.springframework.boot.test.autoconfigure.SpringBootDependencyInjectionTestExecutionListener@4f936da8, org.springframework.test.context.support.DirtiesContextTestExecutionListener@4215838f, org.springframework.test.context.transaction.TransactionalTestExecutionListener@452ba1db, org.springframework.test.context.jdbc.SqlScriptsTestExecutionListener@2289aca5, org.springframework.test.context.event.EventPublishingTestExecutionListener@76a36b71, org.springframework.boot.test.mock.mockito.ResetMocksTestExecutionListener@184497d1, org.springframework.boot.test.autoconfigure.restdocs.RestDocsTestExecutionListener@f9d87b, org.springframework.boot.test.autoconfigure.web.client.MockRestServiceServerResetTestExecutionListener@6ffab045, org.springframework.boot.test.autoconfigure.web.servlet.MockMvcPrintOnlyOnFailureTestExecutionListener@26fb628, org.springframework.boot.test.autoconfigure.web.servlet.WebDriverTestExecutionListener@3e2943ab, org.springframework.boot.test.autoconfigure.webservices.client.MockWebServiceServerTestExecutionListener@70dd7e15]
2023-06-01 09:27:30 - [main] INFO  com.dengzebin.netdisk.NetdiskApplicationTests -Starting NetdiskApplicationTests using Java 11.0.6 on LAPTOP-QNRSCJLR with PID 18636 (started by 34006 in D:\ideawork\dzbnetdisk)
2023-06-01 09:27:30 - [main] INFO  com.dengzebin.netdisk.NetdiskApplicationTests -No active profile set, falling back to 1 default profile: "default"
2023-06-01 09:27:31 - [main] INFO  com.zaxxer.hikari.HikariDataSource -yewu - Starting...
2023-06-01 09:27:31 - [main] INFO  com.zaxxer.hikari.HikariDataSource -yewu - Start completed.
2023-06-01 09:27:31 - [main] INFO  c.b.dynamic.datasource.DynamicRoutingDataSource -dynamic-datasource - add a datasource named [yewu] success
2023-06-01 09:27:31 - [main] INFO  c.b.dynamic.datasource.DynamicRoutingDataSource -dynamic-datasource initial loaded [1] datasource,primary datasource named [yewu]
2023-06-01 09:27:36 - [main] INFO  com.dengzebin.netdisk.NetdiskApplicationTests -Started NetdiskApplicationTests in 6.723 seconds (JVM running for 7.859)
2023-06-01 09:27:37 - [SpringApplicationShutdownHook] INFO  c.b.dynamic.datasource.DynamicRoutingDataSource -dynamic-datasource start closing ....
2023-06-01 09:27:37 - [SpringApplicationShutdownHook] INFO  com.zaxxer.hikari.HikariDataSource -yewu - Shutdown initiated...
2023-06-01 09:27:37 - [SpringApplicationShutdownHook] INFO  com.zaxxer.hikari.HikariDataSource -yewu - Shutdown completed.
2023-06-01 09:27:37 - [SpringApplicationShutdownHook] INFO  c.b.dynamic.datasource.DynamicRoutingDataSource -dynamic-datasource all closed success,bye
2023-06-01 09:29:18 - [main] INFO  o.s.b.t.context.SpringBootTestContextBootstrapper -Neither @ContextConfiguration nor @ContextHierarchy found for test class [com.dengzebin.netdisk.NetdiskApplicationTests], using SpringBootContextLoader
2023-06-01 09:29:18 - [main] INFO  o.s.test.context.support.AbstractContextLoader -Could not detect default resource locations for test class [com.dengzebin.netdisk.NetdiskApplicationTests]: no resource found for suffixes {-context.xml, Context.groovy}.
2023-06-01 09:29:18 - [main] INFO  o.s.t.c.support.AnnotationConfigContextLoaderUtils -Could not detect default configuration classes for test class [com.dengzebin.netdisk.NetdiskApplicationTests]: NetdiskApplicationTests does not declare any static, non-private, non-final, nested classes annotated with @Configuration.
2023-06-01 09:29:18 - [main] INFO  o.s.b.t.context.SpringBootTestContextBootstrapper -Found @SpringBootConfiguration com.dengzebin.netdisk.NetdiskApplication for test class com.dengzebin.netdisk.NetdiskApplicationTests
2023-06-01 09:29:18 - [main] INFO  o.s.b.t.context.SpringBootTestContextBootstrapper -Loaded default TestExecutionListener class names from location [META-INF/spring.factories]: [org.springframework.boot.test.mock.mockito.MockitoTestExecutionListener, org.springframework.boot.test.mock.mockito.ResetMocksTestExecutionListener, org.springframework.boot.test.autoconfigure.restdocs.RestDocsTestExecutionListener, org.springframework.boot.test.autoconfigure.web.client.MockRestServiceServerResetTestExecutionListener, org.springframework.boot.test.autoconfigure.web.servlet.MockMvcPrintOnlyOnFailureTestExecutionListener, org.springframework.boot.test.autoconfigure.web.servlet.WebDriverTestExecutionListener, org.springframework.boot.test.autoconfigure.webservices.client.MockWebServiceServerTestExecutionListener, org.springframework.test.context.web.ServletTestExecutionListener, org.springframework.test.context.support.DirtiesContextBeforeModesTestExecutionListener, org.springframework.test.context.event.ApplicationEventsTestExecutionListener, org.springframework.test.context.support.DependencyInjectionTestExecutionListener, org.springframework.test.context.support.DirtiesContextTestExecutionListener, org.springframework.test.context.transaction.TransactionalTestExecutionListener, org.springframework.test.context.jdbc.SqlScriptsTestExecutionListener, org.springframework.test.context.event.EventPublishingTestExecutionListener]
2023-06-01 09:29:18 - [main] INFO  o.s.b.t.context.SpringBootTestContextBootstrapper -Using TestExecutionListeners: [org.springframework.test.context.web.ServletTestExecutionListener@18a3962d, org.springframework.test.context.support.DirtiesContextBeforeModesTestExecutionListener@78aea4b9, org.springframework.test.context.event.ApplicationEventsTestExecutionListener@2a65bb85, org.springframework.boot.test.mock.mockito.MockitoTestExecutionListener@4b85880b, org.springframework.boot.test.autoconfigure.SpringBootDependencyInjectionTestExecutionListener@4f936da8, org.springframework.test.context.support.DirtiesContextTestExecutionListener@4215838f, org.springframework.test.context.transaction.TransactionalTestExecutionListener@452ba1db, org.springframework.test.context.jdbc.SqlScriptsTestExecutionListener@2289aca5, org.springframework.test.context.event.EventPublishingTestExecutionListener@76a36b71, org.springframework.boot.test.mock.mockito.ResetMocksTestExecutionListener@184497d1, org.springframework.boot.test.autoconfigure.restdocs.RestDocsTestExecutionListener@f9d87b, org.springframework.boot.test.autoconfigure.web.client.MockRestServiceServerResetTestExecutionListener@6ffab045, org.springframework.boot.test.autoconfigure.web.servlet.MockMvcPrintOnlyOnFailureTestExecutionListener@26fb628, org.springframework.boot.test.autoconfigure.web.servlet.WebDriverTestExecutionListener@3e2943ab, org.springframework.boot.test.autoconfigure.webservices.client.MockWebServiceServerTestExecutionListener@70dd7e15]
2023-06-01 09:29:19 - [main] INFO  com.dengzebin.netdisk.NetdiskApplicationTests -Starting NetdiskApplicationTests using Java 11.0.6 on LAPTOP-QNRSCJLR with PID 10448 (started by 34006 in D:\ideawork\dzbnetdisk)
2023-06-01 09:29:19 - [main] INFO  com.dengzebin.netdisk.NetdiskApplicationTests -No active profile set, falling back to 1 default profile: "default"
2023-06-01 09:29:20 - [main] INFO  com.zaxxer.hikari.HikariDataSource -yewu - Starting...
2023-06-01 09:29:21 - [main] INFO  com.zaxxer.hikari.HikariDataSource -yewu - Start completed.
2023-06-01 09:29:21 - [main] INFO  c.b.dynamic.datasource.DynamicRoutingDataSource -dynamic-datasource - add a datasource named [yewu] success
2023-06-01 09:29:21 - [main] INFO  c.b.dynamic.datasource.DynamicRoutingDataSource -dynamic-datasource initial loaded [1] datasource,primary datasource named [yewu]
2023-06-01 09:29:26 - [main] INFO  com.dengzebin.netdisk.NetdiskApplicationTests -Started NetdiskApplicationTests in 7.349 seconds (JVM running for 8.543)
2023-06-01 09:29:26 - [SpringApplicationShutdownHook] INFO  c.b.dynamic.datasource.DynamicRoutingDataSource -dynamic-datasource start closing ....
2023-06-01 09:29:26 - [SpringApplicationShutdownHook] INFO  com.zaxxer.hikari.HikariDataSource -yewu - Shutdown initiated...
2023-06-01 09:29:26 - [SpringApplicationShutdownHook] INFO  com.zaxxer.hikari.HikariDataSource -yewu - Shutdown completed.
2023-06-01 09:29:26 - [SpringApplicationShutdownHook] INFO  c.b.dynamic.datasource.DynamicRoutingDataSource -dynamic-datasource all closed success,bye
2023-06-01 09:36:32 - [main] INFO  com.dengzebin.netdisk.NetdiskApplication -Starting NetdiskApplication using Java 11.0.6 on LAPTOP-QNRSCJLR with PID 6652 (D:\ideawork\dzbnetdisk\target\classes started by 34006 in D:\ideawork\dzbnetdisk)
2023-06-01 09:36:32 - [main] INFO  com.dengzebin.netdisk.NetdiskApplication -No active profile set, falling back to 1 default profile: "default"
2023-06-01 09:36:33 - [main] INFO  o.s.boot.web.embedded.tomcat.TomcatWebServer -Tomcat initialized with port(s): 8082 (http)
2023-06-01 09:36:33 - [main] INFO  org.apache.coyote.http11.Http11NioProtocol -Initializing ProtocolHandler ["http-nio-8082"]
2023-06-01 09:36:33 - [main] INFO  org.apache.catalina.core.StandardService -Starting service [Tomcat]
2023-06-01 09:36:33 - [main] INFO  org.apache.catalina.core.StandardEngine -Starting Servlet engine: [Apache Tomcat/9.0.75]
2023-06-01 09:36:33 - [main] INFO  o.a.c.core.ContainerBase.[Tomcat].[localhost].[/] -Initializing Spring embedded WebApplicationContext
2023-06-01 09:36:33 - [main] INFO  o.s.b.w.s.c.ServletWebServerApplicationContext -Root WebApplicationContext: initialization completed in 907 ms
2023-06-01 09:36:33 - [main] INFO  com.zaxxer.hikari.HikariDataSource -yewu - Starting...
2023-06-01 09:36:33 - [main] INFO  com.zaxxer.hikari.HikariDataSource -yewu - Start completed.
2023-06-01 09:36:33 - [main] INFO  c.b.dynamic.datasource.DynamicRoutingDataSource -dynamic-datasource - add a datasource named [yewu] success
2023-06-01 09:36:33 - [main] INFO  c.b.dynamic.datasource.DynamicRoutingDataSource -dynamic-datasource initial loaded [1] datasource,primary datasource named [yewu]
2023-06-01 09:36:37 - [main] INFO  org.apache.coyote.http11.Http11NioProtocol -Starting ProtocolHandler ["http-nio-8082"]
2023-06-01 09:36:37 - [main] INFO  o.s.boot.web.embedded.tomcat.TomcatWebServer -Tomcat started on port(s): 8082 (http) with context path ''
2023-06-01 09:36:37 - [main] INFO  com.dengzebin.netdisk.NetdiskApplication -Started NetdiskApplication in 5.664 seconds (JVM running for 8.662)
2023-06-01 09:36:49 - [http-nio-8082-exec-1] INFO  o.a.c.core.ContainerBase.[Tomcat].[localhost].[/] -Initializing Spring DispatcherServlet 'dispatcherServlet'
2023-06-01 09:36:49 - [http-nio-8082-exec-1] INFO  org.springframework.web.servlet.DispatcherServlet -Initializing Servlet 'dispatcherServlet'
2023-06-01 09:36:49 - [http-nio-8082-exec-1] INFO  org.springframework.web.servlet.DispatcherServlet -Completed initialization in 1 ms
2023-06-01 09:36:49 - [http-nio-8082-exec-1] INFO  com.dengzebin.netdisk.untils.RequestDetail -客户端请求路径：/netDisk/get_folder_list
2023-06-01 09:36:51 - [http-nio-8082-exec-2] INFO  com.dengzebin.netdisk.untils.RequestDetail -客户端请求路径：/netDisk/get_folder_list
2023-06-01 09:36:57 - [http-nio-8082-exec-3] INFO  com.dengzebin.netdisk.untils.RequestDetail -客户端请求路径：/netDisk/get_folder_list
2023-06-01 09:37:14 - [http-nio-8082-exec-7] INFO  com.dengzebin.netdisk.untils.RequestDetail -客户端请求路径：/netDisk/get_folder_list
2023-06-01 09:37:20 - [http-nio-8082-exec-5] INFO  com.dengzebin.netdisk.untils.RequestDetail -客户端请求路径：/netDisk/get_folder_list
2023-06-01 09:37:22 - [http-nio-8082-exec-10] INFO  com.dengzebin.netdisk.untils.RequestDetail -客户端请求路径：/netDisk/get_folder_list
2023-06-01 09:38:16 - [http-nio-8082-exec-4] INFO  com.dengzebin.netdisk.untils.RequestDetail -客户端请求路径：/netDisk/get_folder_list
2023-06-01 09:38:21 - [http-nio-8082-exec-8] INFO  com.dengzebin.netdisk.untils.RequestDetail -客户端请求路径：/netDisk/get_folder_list
2023-06-01 09:39:14 - [main] INFO  com.dengzebin.netdisk.NetdiskApplication -Starting NetdiskApplication using Java 11.0.6 on LAPTOP-QNRSCJLR with PID 18860 (D:\ideawork\dzbnetdisk\target\classes started by 34006 in D:\ideawork\dzbnetdisk)
2023-06-01 09:39:14 - [main] INFO  com.dengzebin.netdisk.NetdiskApplication -No active profile set, falling back to 1 default profile: "default"
2023-06-01 09:39:14 - [main] INFO  o.s.boot.web.embedded.tomcat.TomcatWebServer -Tomcat initialized with port(s): 8082 (http)
2023-06-01 09:39:14 - [main] INFO  org.apache.coyote.http11.Http11NioProtocol -Initializing ProtocolHandler ["http-nio-8082"]
2023-06-01 09:39:14 - [main] INFO  org.apache.catalina.core.StandardService -Starting service [Tomcat]
2023-06-01 09:39:14 - [main] INFO  org.apache.catalina.core.StandardEngine -Starting Servlet engine: [Apache Tomcat/9.0.75]
2023-06-01 09:39:15 - [main] INFO  o.a.c.core.ContainerBase.[Tomcat].[localhost].[/] -Initializing Spring embedded WebApplicationContext
2023-06-01 09:39:15 - [main] INFO  o.s.b.w.s.c.ServletWebServerApplicationContext -Root WebApplicationContext: initialization completed in 915 ms
2023-06-01 09:39:15 - [main] INFO  com.zaxxer.hikari.HikariDataSource -yewu - Starting...
2023-06-01 09:39:15 - [main] INFO  com.zaxxer.hikari.HikariDataSource -yewu - Start completed.
2023-06-01 09:39:15 - [main] INFO  c.b.dynamic.datasource.DynamicRoutingDataSource -dynamic-datasource - add a datasource named [yewu] success
2023-06-01 09:39:15 - [main] INFO  c.b.dynamic.datasource.DynamicRoutingDataSource -dynamic-datasource initial loaded [1] datasource,primary datasource named [yewu]
2023-06-01 09:39:19 - [main] INFO  org.apache.coyote.http11.Http11NioProtocol -Starting ProtocolHandler ["http-nio-8082"]
2023-06-01 09:39:19 - [main] INFO  o.s.boot.web.embedded.tomcat.TomcatWebServer -Tomcat started on port(s): 8082 (http) with context path ''
2023-06-01 09:39:19 - [main] INFO  com.dengzebin.netdisk.NetdiskApplication -Started NetdiskApplication in 5.753 seconds (JVM running for 8.697)
2023-06-01 09:39:37 - [http-nio-8082-exec-4] INFO  o.a.c.core.ContainerBase.[Tomcat].[localhost].[/] -Initializing Spring DispatcherServlet 'dispatcherServlet'
2023-06-01 09:39:37 - [http-nio-8082-exec-4] INFO  org.springframework.web.servlet.DispatcherServlet -Initializing Servlet 'dispatcherServlet'
2023-06-01 09:39:37 - [http-nio-8082-exec-4] INFO  org.springframework.web.servlet.DispatcherServlet -Completed initialization in 1 ms
2023-06-01 09:39:37 - [http-nio-8082-exec-4] INFO  com.dengzebin.netdisk.untils.RequestDetail -客户端请求路径：/netDisk/get_folder_list
2023-06-01 09:39:44 - [http-nio-8082-exec-1] INFO  com.dengzebin.netdisk.untils.RequestDetail -客户端请求路径：/netDisk/get_folder_list
2023-06-01 09:39:59 - [http-nio-8082-exec-3] INFO  com.dengzebin.netdisk.untils.RequestDetail -客户端请求路径：/netDisk/get_folder_list
2023-06-01 09:40:03 - [http-nio-8082-exec-2] INFO  com.dengzebin.netdisk.untils.RequestDetail -客户端请求路径：/netDisk/get_folder_list
2023-06-01 09:40:14 - [http-nio-8082-exec-6] INFO  com.dengzebin.netdisk.untils.RequestDetail -客户端请求路径：/netDisk/get_folder_list
2023-06-01 09:40:35 - [http-nio-8082-exec-5] INFO  com.dengzebin.netdisk.untils.RequestDetail -客户端请求路径：/netDisk/get_folder_list
2023-06-01 09:42:14 - [http-nio-8082-exec-7] INFO  com.dengzebin.netdisk.untils.RequestDetail -客户端请求路径：/netDisk/get_folder_list
2023-06-01 09:42:20 - [http-nio-8082-exec-9] INFO  com.dengzebin.netdisk.untils.RequestDetail -客户端请求路径：/netDisk/get_folder_list
2023-06-01 09:42:52 - [http-nio-8082-exec-8] INFO  com.dengzebin.netdisk.untils.RequestDetail -客户端请求路径：/netDisk/get_folder_list
2023-06-01 09:56:34 - [http-nio-8082-exec-10] INFO  com.dengzebin.netdisk.untils.RequestDetail -客户端请求路径：/netDisk/get_folder_list
2023-06-01 09:56:35 - [http-nio-8082-exec-4] INFO  com.dengzebin.netdisk.untils.RequestDetail -客户端请求路径：/netDisk/get_folder_list
2023-06-01 09:56:37 - [http-nio-8082-exec-1] INFO  com.dengzebin.netdisk.untils.RequestDetail -客户端请求路径：/netDisk/get_folder_list
2023-06-01 10:14:44 - [http-nio-8082-exec-3] INFO  com.dengzebin.netdisk.untils.RequestDetail -客户端请求路径：/netDisk/get_folder_list
2023-06-01 10:14:47 - [http-nio-8082-exec-2] INFO  com.dengzebin.netdisk.untils.RequestDetail -客户端请求路径：/netDisk/get_folder_list
2023-06-01 10:14:47 - [http-nio-8082-exec-6] INFO  com.dengzebin.netdisk.untils.RequestDetail -客户端请求路径：/netDisk/get_breadcrumb
2023-06-01 10:14:49 - [http-nio-8082-exec-5] INFO  com.dengzebin.netdisk.untils.RequestDetail -客户端请求路径：/netDisk/get_folder_list
2023-06-01 10:14:49 - [http-nio-8082-exec-7] INFO  com.dengzebin.netdisk.untils.RequestDetail -客户端请求路径：/netDisk/get_breadcrumb
2023-06-01 10:22:20 - [http-nio-8082-exec-9] INFO  com.dengzebin.netdisk.untils.RequestDetail -客户端请求路径：/netDisk/get_folder_list
2023-06-01 10:23:02 - [http-nio-8082-exec-8] INFO  com.dengzebin.netdisk.untils.RequestDetail -客户端请求路径：/netDisk/get_folder_list
2023-06-01 10:23:03 - [http-nio-8082-exec-10] INFO  com.dengzebin.netdisk.untils.RequestDetail -客户端请求路径：/netDisk/get_folder_list
2023-06-01 10:23:03 - [http-nio-8082-exec-4] INFO  com.dengzebin.netdisk.untils.RequestDetail -客户端请求路径：/netDisk/get_breadcrumb
2023-06-01 10:23:37 - [http-nio-8082-exec-1] INFO  com.dengzebin.netdisk.untils.RequestDetail -客户端请求路径：/netDisk/get_folder_list
2023-06-01 10:23:39 - [http-nio-8082-exec-3] INFO  com.dengzebin.netdisk.untils.RequestDetail -客户端请求路径：/netDisk/get_folder_list
2023-06-01 10:23:39 - [http-nio-8082-exec-2] INFO  com.dengzebin.netdisk.untils.RequestDetail -客户端请求路径：/netDisk/get_breadcrumb
2023-06-01 14:15:37 - [main] INFO  com.dengzebin.netdisk.NetdiskApplication -Starting NetdiskApplication using Java 11.0.6 on LAPTOP-QNRSCJLR with PID 18072 (D:\ideawork\dzbnetdisk\target\classes started by 34006 in D:\ideawork\dzbnetdisk)
2023-06-01 14:15:37 - [main] INFO  com.dengzebin.netdisk.NetdiskApplication -No active profile set, falling back to 1 default profile: "default"
2023-06-01 14:15:38 - [main] INFO  o.s.boot.web.embedded.tomcat.TomcatWebServer -Tomcat initialized with port(s): 8082 (http)
2023-06-01 14:15:38 - [main] INFO  org.apache.coyote.http11.Http11NioProtocol -Initializing ProtocolHandler ["http-nio-8082"]
2023-06-01 14:15:38 - [main] INFO  org.apache.catalina.core.StandardService -Starting service [Tomcat]
2023-06-01 14:15:38 - [main] INFO  org.apache.catalina.core.StandardEngine -Starting Servlet engine: [Apache Tomcat/9.0.75]
2023-06-01 14:15:38 - [main] INFO  o.a.c.core.ContainerBase.[Tomcat].[localhost].[/] -Initializing Spring embedded WebApplicationContext
2023-06-01 14:15:38 - [main] INFO  o.s.b.w.s.c.ServletWebServerApplicationContext -Root WebApplicationContext: initialization completed in 1006 ms
2023-06-01 14:15:38 - [main] INFO  com.zaxxer.hikari.HikariDataSource -yewu - Starting...
2023-06-01 14:15:38 - [main] INFO  com.zaxxer.hikari.HikariDataSource -yewu - Start completed.
2023-06-01 14:15:38 - [main] INFO  c.b.dynamic.datasource.DynamicRoutingDataSource -dynamic-datasource - add a datasource named [yewu] success
2023-06-01 14:15:38 - [main] INFO  c.b.dynamic.datasource.DynamicRoutingDataSource -dynamic-datasource initial loaded [1] datasource,primary datasource named [yewu]
2023-06-01 14:15:42 - [main] INFO  org.apache.coyote.http11.Http11NioProtocol -Starting ProtocolHandler ["http-nio-8082"]
2023-06-01 14:15:42 - [main] INFO  o.s.boot.web.embedded.tomcat.TomcatWebServer -Tomcat started on port(s): 8082 (http) with context path ''
2023-06-01 14:15:42 - [main] INFO  com.dengzebin.netdisk.NetdiskApplication -Started NetdiskApplication in 5.909 seconds (JVM running for 9.009)
2023-06-01 14:15:48 - [http-nio-8082-exec-1] INFO  o.a.c.core.ContainerBase.[Tomcat].[localhost].[/] -Initializing Spring DispatcherServlet 'dispatcherServlet'
2023-06-01 14:15:48 - [http-nio-8082-exec-1] INFO  org.springframework.web.servlet.DispatcherServlet -Initializing Servlet 'dispatcherServlet'
2023-06-01 14:15:48 - [http-nio-8082-exec-1] INFO  org.springframework.web.servlet.DispatcherServlet -Completed initialization in 1 ms
2023-06-01 14:15:48 - [http-nio-8082-exec-1] INFO  com.dengzebin.netdisk.untils.RequestDetail -客户端请求路径：/netDisk/get_folder_list
2023-06-01 14:15:50 - [http-nio-8082-exec-2] INFO  com.dengzebin.netdisk.untils.RequestDetail -客户端请求路径：/netDisk/get_folder_list
2023-06-01 14:15:50 - [http-nio-8082-exec-3] INFO  com.dengzebin.netdisk.untils.RequestDetail -客户端请求路径：/netDisk/get_breadcrumb
2023-06-01 14:15:58 - [http-nio-8082-exec-4] INFO  com.dengzebin.netdisk.untils.RequestDetail -客户端请求路径：/netDisk/get_folder_list
2023-06-01 14:15:58 - [http-nio-8082-exec-5] INFO  com.dengzebin.netdisk.untils.RequestDetail -客户端请求路径：/netDisk/get_breadcrumb
2023-06-01 14:18:20 - [http-nio-8082-exec-6] INFO  com.dengzebin.netdisk.untils.RequestDetail -客户端请求路径：/netDisk/get_folder_list
2023-06-01 14:18:22 - [http-nio-8082-exec-7] INFO  com.dengzebin.netdisk.untils.RequestDetail -客户端请求路径：/netDisk/get_folder_list
2023-06-01 14:18:22 - [http-nio-8082-exec-8] INFO  com.dengzebin.netdisk.untils.RequestDetail -客户端请求路径：/netDisk/get_breadcrumb
2023-06-01 14:18:25 - [http-nio-8082-exec-9] INFO  com.dengzebin.netdisk.untils.RequestDetail -客户端请求路径：/netDisk/get_folder_list
2023-06-01 14:18:25 - [http-nio-8082-exec-10] INFO  com.dengzebin.netdisk.untils.RequestDetail -客户端请求路径：/netDisk/get_breadcrumb
2023-06-01 14:18:25 - [http-nio-8082-exec-1] INFO  com.dengzebin.netdisk.untils.RequestDetail -客户端请求路径：/netDisk/get_folder_list
2023-06-01 14:19:56 - [http-nio-8082-exec-2] INFO  com.dengzebin.netdisk.untils.RequestDetail -客户端请求路径：/netDisk/get_folder_list
2023-06-01 14:19:57 - [http-nio-8082-exec-3] INFO  com.dengzebin.netdisk.untils.RequestDetail -客户端请求路径：/netDisk/get_folder_list
2023-06-01 14:19:57 - [http-nio-8082-exec-4] INFO  com.dengzebin.netdisk.untils.RequestDetail -客户端请求路径：/netDisk/get_breadcrumb
2023-06-01 14:19:59 - [http-nio-8082-exec-5] INFO  com.dengzebin.netdisk.untils.RequestDetail -客户端请求路径：/netDisk/get_folder_list
2023-06-01 14:19:59 - [http-nio-8082-exec-6] INFO  com.dengzebin.netdisk.untils.RequestDetail -客户端请求路径：/netDisk/get_breadcrumb
2023-06-01 14:21:54 - [http-nio-8082-exec-7] INFO  com.dengzebin.netdisk.untils.RequestDetail -客户端请求路径：/netDisk/get_folder_list
2023-06-01 14:21:55 - [http-nio-8082-exec-8] INFO  com.dengzebin.netdisk.untils.RequestDetail -客户端请求路径：/netDisk/get_folder_list
2023-06-01 14:21:55 - [http-nio-8082-exec-9] INFO  com.dengzebin.netdisk.untils.RequestDetail -客户端请求路径：/netDisk/get_breadcrumb
2023-06-01 14:22:27 - [http-nio-8082-exec-10] INFO  com.dengzebin.netdisk.untils.RequestDetail -客户端请求路径：/netDisk/get_folder_list
2023-06-01 14:22:29 - [http-nio-8082-exec-1] INFO  com.dengzebin.netdisk.untils.RequestDetail -客户端请求路径：/netDisk/get_folder_list
2023-06-01 14:22:29 - [http-nio-8082-exec-2] INFO  com.dengzebin.netdisk.untils.RequestDetail -客户端请求路径：/netDisk/get_breadcrumb
2023-06-01 14:27:23 - [http-nio-8082-exec-3] INFO  com.dengzebin.netdisk.untils.RequestDetail -客户端请求路径：/netDisk/get_folder_list
2023-06-01 14:27:27 - [http-nio-8082-exec-4] INFO  com.dengzebin.netdisk.untils.RequestDetail -客户端请求路径：/netDisk/get_folder_list
2023-06-01 14:27:34 - [http-nio-8082-exec-5] INFO  com.dengzebin.netdisk.untils.RequestDetail -客户端请求路径：/netDisk/get_folder_list
2023-06-01 14:27:34 - [http-nio-8082-exec-6] INFO  com.dengzebin.netdisk.untils.RequestDetail -客户端请求路径：/netDisk/get_breadcrumb
2023-06-01 14:29:29 - [http-nio-8082-exec-7] INFO  com.dengzebin.netdisk.untils.RequestDetail -客户端请求路径：/netDisk/get_folder_list
2023-06-01 14:29:31 - [http-nio-8082-exec-8] INFO  com.dengzebin.netdisk.untils.RequestDetail -客户端请求路径：/netDisk/get_folder_list
2023-06-01 14:29:31 - [http-nio-8082-exec-9] INFO  com.dengzebin.netdisk.untils.RequestDetail -客户端请求路径：/netDisk/get_breadcrumb
2023-06-01 14:29:33 - [http-nio-8082-exec-10] INFO  com.dengzebin.netdisk.untils.RequestDetail -客户端请求路径：/netDisk/get_folder_list
2023-06-01 14:29:33 - [http-nio-8082-exec-1] INFO  com.dengzebin.netdisk.untils.RequestDetail -客户端请求路径：/netDisk/get_breadcrumb
2023-06-01 14:29:34 - [http-nio-8082-exec-2] INFO  com.dengzebin.netdisk.untils.RequestDetail -客户端请求路径：/netDisk/get_folder_list
2023-06-01 14:33:33 - [http-nio-8082-exec-3] INFO  com.dengzebin.netdisk.untils.RequestDetail -客户端请求路径：/netDisk/get_folder_list
2023-06-01 14:33:34 - [http-nio-8082-exec-4] INFO  com.dengzebin.netdisk.untils.RequestDetail -客户端请求路径：/netDisk/get_breadcrumb
2023-06-01 14:33:34 - [http-nio-8082-exec-5] INFO  com.dengzebin.netdisk.untils.RequestDetail -客户端请求路径：/netDisk/get_folder_list
2023-06-01 14:33:34 - [http-nio-8082-exec-6] INFO  com.dengzebin.netdisk.untils.RequestDetail -客户端请求路径：/netDisk/get_breadcrumb
2023-06-01 14:34:58 - [http-nio-8082-exec-7] INFO  com.dengzebin.netdisk.untils.RequestDetail -客户端请求路径：/netDisk/get_folder_list
2023-06-01 14:39:11 - [http-nio-8082-exec-8] INFO  com.dengzebin.netdisk.untils.RequestDetail -客户端请求路径：/netDisk/get_folder_list
2023-06-01 14:39:11 - [http-nio-8082-exec-9] INFO  com.dengzebin.netdisk.untils.RequestDetail -客户端请求路径：/netDisk/get_breadcrumb
2023-06-01 14:42:16 - [http-nio-8082-exec-10] INFO  com.dengzebin.netdisk.untils.RequestDetail -客户端请求路径：/netDisk/get_folder_list
2023-06-01 14:42:20 - [http-nio-8082-exec-1] INFO  com.dengzebin.netdisk.untils.RequestDetail -客户端请求路径：/netDisk/get_folder_list
2023-06-01 14:42:20 - [http-nio-8082-exec-2] INFO  com.dengzebin.netdisk.untils.RequestDetail -客户端请求路径：/netDisk/get_breadcrumb
2023-06-01 14:42:22 - [http-nio-8082-exec-3] INFO  com.dengzebin.netdisk.untils.RequestDetail -客户端请求路径：/netDisk/get_folder_list
2023-06-01 14:42:22 - [http-nio-8082-exec-4] INFO  com.dengzebin.netdisk.untils.RequestDetail -客户端请求路径：/netDisk/get_breadcrumb
2023-06-01 14:42:23 - [http-nio-8082-exec-5] INFO  com.dengzebin.netdisk.untils.RequestDetail -客户端请求路径：/netDisk/get_breadcrumb
2023-06-01 14:42:27 - [http-nio-8082-exec-6] INFO  com.dengzebin.netdisk.untils.RequestDetail -客户端请求路径：/netDisk/get_folder_list
2023-06-01 14:43:20 - [http-nio-8082-exec-7] INFO  com.dengzebin.netdisk.untils.RequestDetail -客户端请求路径：/netDisk/get_folder_list
2023-06-01 14:43:21 - [http-nio-8082-exec-8] INFO  com.dengzebin.netdisk.untils.RequestDetail -客户端请求路径：/netDisk/get_folder_list
2023-06-01 14:43:21 - [http-nio-8082-exec-9] INFO  com.dengzebin.netdisk.untils.RequestDetail -客户端请求路径：/netDisk/get_breadcrumb
2023-06-01 16:00:12 - [http-nio-8082-exec-10] INFO  com.dengzebin.netdisk.untils.RequestDetail -客户端请求路径：/netDisk/get_folder_list
2023-06-01 16:00:53 - [http-nio-8082-exec-1] INFO  com.dengzebin.netdisk.untils.RequestDetail -客户端请求路径：/netDisk/get_folder_list
2023-06-01 16:01:52 - [http-nio-8082-exec-2] INFO  com.dengzebin.netdisk.untils.RequestDetail -客户端请求路径：/netDisk/get_folder_list
2023-06-01 16:01:53 - [http-nio-8082-exec-3] INFO  com.dengzebin.netdisk.untils.RequestDetail -客户端请求路径：/netDisk/get_folder_list
2023-06-01 16:01:53 - [http-nio-8082-exec-3] WARN  o.s.w.s.m.support.DefaultHandlerExceptionResolver -Resolved [org.springframework.web.bind.MissingServletRequestParameterException: Required request parameter 'fId' for method parameter type String is not present]
2023-06-01 16:01:53 - [http-nio-8082-exec-3] INFO  com.dengzebin.netdisk.untils.RequestDetail -客户端请求路径：/error
2023-06-01 16:04:30 - [http-nio-8082-exec-4] INFO  com.dengzebin.netdisk.untils.RequestDetail -客户端请求路径：/netDisk/get_folder_list
2023-06-01 16:04:33 - [http-nio-8082-exec-5] INFO  com.dengzebin.netdisk.untils.RequestDetail -客户端请求路径：/netDisk/get_folder_list
2023-06-01 16:04:35 - [http-nio-8082-exec-6] INFO  com.dengzebin.netdisk.untils.RequestDetail -客户端请求路径：/netDisk/get_folder_list
2023-06-01 16:04:35 - [http-nio-8082-exec-7] INFO  com.dengzebin.netdisk.untils.RequestDetail -客户端请求路径：/netDisk/get_breadcrumb
2023-06-01 16:04:39 - [http-nio-8082-exec-8] INFO  com.dengzebin.netdisk.untils.RequestDetail -客户端请求路径：/netDisk/get_folder_list
2023-06-01 16:04:39 - [http-nio-8082-exec-9] INFO  com.dengzebin.netdisk.untils.RequestDetail -客户端请求路径：/netDisk/get_breadcrumb
2023-06-01 16:04:40 - [http-nio-8082-exec-10] INFO  com.dengzebin.netdisk.untils.RequestDetail -客户端请求路径：/netDisk/get_breadcrumb
2023-06-01 16:04:43 - [http-nio-8082-exec-1] INFO  com.dengzebin.netdisk.untils.RequestDetail -客户端请求路径：/netDisk/get_folder_list
2023-06-01 16:05:15 - [http-nio-8082-exec-2] INFO  com.dengzebin.netdisk.untils.RequestDetail -客户端请求路径：/netDisk/get_folder_list
2023-06-01 16:05:20 - [http-nio-8082-exec-3] INFO  com.dengzebin.netdisk.untils.RequestDetail -客户端请求路径：/netDisk/get_folder_list
2023-06-01 16:05:42 - [http-nio-8082-exec-4] INFO  com.dengzebin.netdisk.untils.RequestDetail -客户端请求路径：/netDisk/get_folder_list
2023-06-01 16:07:05 - [http-nio-8082-exec-5] INFO  com.dengzebin.netdisk.untils.RequestDetail -客户端请求路径：/netDisk/get_folder_list
2023-06-01 16:07:10 - [http-nio-8082-exec-6] INFO  com.dengzebin.netdisk.untils.RequestDetail -客户端请求路径：/netDisk/get_folder_list
2023-06-01 16:07:10 - [http-nio-8082-exec-7] INFO  com.dengzebin.netdisk.untils.RequestDetail -客户端请求路径：/netDisk/get_breadcrumb
2023-06-01 16:07:10 - [http-nio-8082-exec-8] INFO  com.dengzebin.netdisk.untils.RequestDetail -客户端请求路径：/netDisk/get_folder_list
2023-06-01 16:07:14 - [http-nio-8082-exec-9] INFO  com.dengzebin.netdisk.untils.RequestDetail -客户端请求路径：/netDisk/get_folder_list
2023-06-01 16:07:14 - [http-nio-8082-exec-10] INFO  com.dengzebin.netdisk.untils.RequestDetail -客户端请求路径：/netDisk/get_breadcrumb
2023-06-01 16:07:14 - [http-nio-8082-exec-1] INFO  com.dengzebin.netdisk.untils.RequestDetail -客户端请求路径：/netDisk/get_folder_list
2023-06-01 16:08:34 - [http-nio-8082-exec-2] INFO  com.dengzebin.netdisk.untils.RequestDetail -客户端请求路径：/netDisk/get_folder_list
2023-06-01 16:08:39 - [http-nio-8082-exec-3] INFO  com.dengzebin.netdisk.untils.RequestDetail -客户端请求路径：/netDisk/get_folder_list
2023-06-01 16:08:41 - [http-nio-8082-exec-4] INFO  com.dengzebin.netdisk.untils.RequestDetail -客户端请求路径：/netDisk/get_folder_list
2023-06-01 16:08:41 - [http-nio-8082-exec-5] INFO  com.dengzebin.netdisk.untils.RequestDetail -客户端请求路径：/netDisk/get_breadcrumb
2023-06-01 16:08:42 - [http-nio-8082-exec-6] INFO  com.dengzebin.netdisk.untils.RequestDetail -客户端请求路径：/netDisk/get_folder_list
2023-06-01 16:09:07 - [http-nio-8082-exec-7] INFO  com.dengzebin.netdisk.untils.RequestDetail -客户端请求路径：/netDisk/get_folder_list
2023-06-01 16:09:07 - [http-nio-8082-exec-8] INFO  com.dengzebin.netdisk.untils.RequestDetail -客户端请求路径：/netDisk/get_breadcrumb
2023-06-01 16:09:07 - [http-nio-8082-exec-9] INFO  com.dengzebin.netdisk.untils.RequestDetail -客户端请求路径：/netDisk/get_folder_list
2023-06-01 16:09:09 - [http-nio-8082-exec-10] INFO  com.dengzebin.netdisk.untils.RequestDetail -客户端请求路径：/netDisk/get_breadcrumb
2023-06-01 16:09:09 - [http-nio-8082-exec-1] INFO  com.dengzebin.netdisk.untils.RequestDetail -客户端请求路径：/netDisk/get_folder_list
2023-06-01 16:09:34 - [http-nio-8082-exec-2] INFO  com.dengzebin.netdisk.untils.RequestDetail -客户端请求路径：/netDisk/get_folder_list
2023-06-01 16:09:37 - [http-nio-8082-exec-3] INFO  com.dengzebin.netdisk.untils.RequestDetail -客户端请求路径：/netDisk/get_folder_list
2023-06-01 16:09:39 - [http-nio-8082-exec-4] INFO  com.dengzebin.netdisk.untils.RequestDetail -客户端请求路径：/netDisk/get_folder_list
2023-06-01 16:09:39 - [http-nio-8082-exec-5] INFO  com.dengzebin.netdisk.untils.RequestDetail -客户端请求路径：/netDisk/get_breadcrumb
2023-06-01 16:09:39 - [http-nio-8082-exec-6] INFO  com.dengzebin.netdisk.untils.RequestDetail -客户端请求路径：/netDisk/get_folder_list
2023-06-01 16:09:48 - [http-nio-8082-exec-7] INFO  com.dengzebin.netdisk.untils.RequestDetail -客户端请求路径：/netDisk/get_folder_list
2023-06-01 16:09:48 - [http-nio-8082-exec-8] INFO  com.dengzebin.netdisk.untils.RequestDetail -客户端请求路径：/netDisk/get_breadcrumb
2023-06-01 16:09:48 - [http-nio-8082-exec-9] INFO  com.dengzebin.netdisk.untils.RequestDetail -客户端请求路径：/netDisk/get_folder_list
2023-06-01 16:09:50 - [http-nio-8082-exec-10] INFO  com.dengzebin.netdisk.untils.RequestDetail -客户端请求路径：/netDisk/get_breadcrumb
2023-06-01 16:09:51 - [http-nio-8082-exec-1] INFO  com.dengzebin.netdisk.untils.RequestDetail -客户端请求路径：/netDisk/get_folder_list
2023-06-01 16:09:54 - [http-nio-8082-exec-2] INFO  com.dengzebin.netdisk.untils.RequestDetail -客户端请求路径：/netDisk/get_folder_list
2023-06-01 16:09:54 - [http-nio-8082-exec-3] INFO  com.dengzebin.netdisk.untils.RequestDetail -客户端请求路径：/netDisk/get_breadcrumb
2023-06-01 16:09:54 - [http-nio-8082-exec-4] INFO  com.dengzebin.netdisk.untils.RequestDetail -客户端请求路径：/netDisk/get_folder_list
2023-06-01 16:09:55 - [http-nio-8082-exec-5] INFO  com.dengzebin.netdisk.untils.RequestDetail -客户端请求路径：/netDisk/get_breadcrumb
2023-06-01 16:09:55 - [http-nio-8082-exec-6] INFO  com.dengzebin.netdisk.untils.RequestDetail -客户端请求路径：/netDisk/get_folder_list
2023-06-01 16:10:53 - [http-nio-8082-exec-7] INFO  com.dengzebin.netdisk.untils.RequestDetail -客户端请求路径：/netDisk/get_folder_list
2023-06-01 16:12:36 - [http-nio-8082-exec-8] INFO  com.dengzebin.netdisk.untils.RequestDetail -客户端请求路径：/netDisk/get_folder_list
2023-06-01 16:12:51 - [http-nio-8082-exec-9] INFO  com.dengzebin.netdisk.untils.RequestDetail -客户端请求路径：/netDisk/get_folder_list
2023-06-01 16:12:53 - [http-nio-8082-exec-10] INFO  com.dengzebin.netdisk.untils.RequestDetail -客户端请求路径：/netDisk/get_folder_list
2023-06-01 16:12:53 - [http-nio-8082-exec-1] INFO  com.dengzebin.netdisk.untils.RequestDetail -客户端请求路径：/netDisk/get_breadcrumb
2023-06-01 16:12:53 - [http-nio-8082-exec-2] INFO  com.dengzebin.netdisk.untils.RequestDetail -客户端请求路径：/netDisk/get_folder_list
2023-06-01 16:13:51 - [http-nio-8082-exec-3] INFO  com.dengzebin.netdisk.untils.RequestDetail -客户端请求路径：/netDisk/get_folder_list
2023-06-01 16:13:53 - [http-nio-8082-exec-4] INFO  com.dengzebin.netdisk.untils.RequestDetail -客户端请求路径：/netDisk/get_folder_list
2023-06-01 16:15:40 - [http-nio-8082-exec-5] INFO  com.dengzebin.netdisk.untils.RequestDetail -客户端请求路径：/netDisk/get_folder_list
2023-06-01 16:15:42 - [http-nio-8082-exec-6] INFO  com.dengzebin.netdisk.untils.RequestDetail -客户端请求路径：/netDisk/get_folder_list
2023-06-01 16:15:44 - [http-nio-8082-exec-7] INFO  com.dengzebin.netdisk.untils.RequestDetail -客户端请求路径：/netDisk/get_breadcrumb
2023-06-01 16:15:44 - [http-nio-8082-exec-7] ERROR o.a.c.c.C.[.[localhost].[/].[dispatcherServlet] -Servlet.service() for servlet [dispatcherServlet] in context with path [] threw exception [Request processing failed; nested exception is java.lang.NullPointerException] with root cause
java.lang.NullPointerException: null
	at com.dengzebin.netdisk.service.Impl.FolderServiceImpl.getBreadcrumb(FolderServiceImpl.java:59)
	at com.dengzebin.netdisk.service.Impl.FolderServiceImpl$$FastClassBySpringCGLIB$$458b07df.invoke(<generated>)
	at org.springframework.cglib.proxy.MethodProxy.invoke(MethodProxy.java:218)
	at org.springframework.aop.framework.CglibAopProxy.invokeMethod(CglibAopProxy.java:386)
	at org.springframework.aop.framework.CglibAopProxy.access$000(CglibAopProxy.java:85)
	at org.springframework.aop.framework.CglibAopProxy$DynamicAdvisedInterceptor.intercept(CglibAopProxy.java:704)
	at com.dengzebin.netdisk.service.Impl.FolderServiceImpl$$EnhancerBySpringCGLIB$$99a58a77.getBreadcrumb(<generated>)
	at com.dengzebin.netdisk.controller.FolderController.getBreadcrumb(FolderController.java:60)
	at jdk.internal.reflect.GeneratedMethodAccessor37.invoke(Unknown Source)
	at java.base/jdk.internal.reflect.DelegatingMethodAccessorImpl.invoke(DelegatingMethodAccessorImpl.java:43)
	at java.base/java.lang.reflect.Method.invoke(Method.java:566)
	at org.springframework.web.method.support.InvocableHandlerMethod.doInvoke(InvocableHandlerMethod.java:205)
	at org.springframework.web.method.support.InvocableHandlerMethod.invokeForRequest(InvocableHandlerMethod.java:150)
	at org.springframework.web.servlet.mvc.method.annotation.ServletInvocableHandlerMethod.invokeAndHandle(ServletInvocableHandlerMethod.java:117)
	at org.springframework.web.servlet.mvc.method.annotation.RequestMappingHandlerAdapter.invokeHandlerMethod(RequestMappingHandlerAdapter.java:895)
	at org.springframework.web.servlet.mvc.method.annotation.RequestMappingHandlerAdapter.handleInternal(RequestMappingHandlerAdapter.java:808)
	at org.springframework.web.servlet.mvc.method.AbstractHandlerMethodAdapter.handle(AbstractHandlerMethodAdapter.java:87)
	at org.springframework.web.servlet.DispatcherServlet.doDispatch(DispatcherServlet.java:1072)
	at org.springframework.web.servlet.DispatcherServlet.doService(DispatcherServlet.java:965)
	at org.springframework.web.servlet.FrameworkServlet.processRequest(FrameworkServlet.java:1006)
	at org.springframework.web.servlet.FrameworkServlet.doGet(FrameworkServlet.java:898)
	at javax.servlet.http.HttpServlet.service(HttpServlet.java:529)
	at org.springframework.web.servlet.FrameworkServlet.service(FrameworkServlet.java:883)
	at javax.servlet.http.HttpServlet.service(HttpServlet.java:623)
	at org.apache.catalina.core.ApplicationFilterChain.internalDoFilter(ApplicationFilterChain.java:209)
	at org.apache.catalina.core.ApplicationFilterChain.doFilter(ApplicationFilterChain.java:153)
	at org.apache.tomcat.websocket.server.WsFilter.doFilter(WsFilter.java:51)
	at org.apache.catalina.core.ApplicationFilterChain.internalDoFilter(ApplicationFilterChain.java:178)
	at org.apache.catalina.core.ApplicationFilterChain.doFilter(ApplicationFilterChain.java:153)
	at org.springframework.web.filter.RequestContextFilter.doFilterInternal(RequestContextFilter.java:100)
	at org.springframework.web.filter.OncePerRequestFilter.doFilter(OncePerRequestFilter.java:117)
	at org.apache.catalina.core.ApplicationFilterChain.internalDoFilter(ApplicationFilterChain.java:178)
	at org.apache.catalina.core.ApplicationFilterChain.doFilter(ApplicationFilterChain.java:153)
	at org.springframework.web.filter.FormContentFilter.doFilterInternal(FormContentFilter.java:93)
	at org.springframework.web.filter.OncePerRequestFilter.doFilter(OncePerRequestFilter.java:117)
	at org.apache.catalina.core.ApplicationFilterChain.internalDoFilter(ApplicationFilterChain.java:178)
	at org.apache.catalina.core.ApplicationFilterChain.doFilter(ApplicationFilterChain.java:153)
	at org.springframework.web.filter.CharacterEncodingFilter.doFilterInternal(CharacterEncodingFilter.java:201)
	at org.springframework.web.filter.OncePerRequestFilter.doFilter(OncePerRequestFilter.java:117)
	at org.apache.catalina.core.ApplicationFilterChain.internalDoFilter(ApplicationFilterChain.java:178)
	at org.apache.catalina.core.ApplicationFilterChain.doFilter(ApplicationFilterChain.java:153)
	at org.apache.catalina.core.StandardWrapperValve.invoke(StandardWrapperValve.java:167)
	at org.apache.catalina.core.StandardContextValve.invoke(StandardContextValve.java:90)
	at org.apache.catalina.authenticator.AuthenticatorBase.invoke(AuthenticatorBase.java:481)
	at org.apache.catalina.core.StandardHostValve.invoke(StandardHostValve.java:130)
	at org.apache.catalina.valves.ErrorReportValve.invoke(ErrorReportValve.java:93)
	at org.apache.catalina.core.StandardEngineValve.invoke(StandardEngineValve.java:74)
	at org.apache.catalina.connector.CoyoteAdapter.service(CoyoteAdapter.java:343)
	at org.apache.coyote.http11.Http11Processor.service(Http11Processor.java:390)
	at org.apache.coyote.AbstractProcessorLight.process(AbstractProcessorLight.java:63)
	at org.apache.coyote.AbstractProtocol$ConnectionHandler.process(AbstractProtocol.java:926)
	at org.apache.tomcat.util.net.NioEndpoint$SocketProcessor.doRun(NioEndpoint.java:1791)
	at org.apache.tomcat.util.net.SocketProcessorBase.run(SocketProcessorBase.java:52)
	at org.apache.tomcat.util.threads.ThreadPoolExecutor.runWorker(ThreadPoolExecutor.java:1191)
	at org.apache.tomcat.util.threads.ThreadPoolExecutor$Worker.run(ThreadPoolExecutor.java:659)
	at org.apache.tomcat.util.threads.TaskThread$WrappingRunnable.run(TaskThread.java:61)
	at java.base/java.lang.Thread.run(Thread.java:834)
2023-06-01 16:15:44 - [http-nio-8082-exec-7] INFO  com.dengzebin.netdisk.untils.RequestDetail -客户端请求路径：/error
2023-06-01 16:21:23 - [main] INFO  com.dengzebin.netdisk.NetdiskApplication -Starting NetdiskApplication using Java 11.0.6 on LAPTOP-QNRSCJLR with PID 1816 (D:\ideawork\dzbnetdisk\target\classes started by 34006 in D:\ideawork\dzbnetdisk)
2023-06-01 16:21:23 - [main] INFO  com.dengzebin.netdisk.NetdiskApplication -No active profile set, falling back to 1 default profile: "default"
2023-06-01 16:21:24 - [main] INFO  o.s.boot.web.embedded.tomcat.TomcatWebServer -Tomcat initialized with port(s): 8082 (http)
2023-06-01 16:21:24 - [main] INFO  org.apache.coyote.http11.Http11NioProtocol -Initializing ProtocolHandler ["http-nio-8082"]
2023-06-01 16:21:24 - [main] INFO  org.apache.catalina.core.StandardService -Starting service [Tomcat]
2023-06-01 16:21:24 - [main] INFO  org.apache.catalina.core.StandardEngine -Starting Servlet engine: [Apache Tomcat/9.0.75]
2023-06-01 16:21:24 - [main] INFO  o.a.c.core.ContainerBase.[Tomcat].[localhost].[/] -Initializing Spring embedded WebApplicationContext
2023-06-01 16:21:24 - [main] INFO  o.s.b.w.s.c.ServletWebServerApplicationContext -Root WebApplicationContext: initialization completed in 921 ms
2023-06-01 16:21:24 - [main] INFO  com.zaxxer.hikari.HikariDataSource -yewu - Starting...
2023-06-01 16:21:24 - [main] INFO  com.zaxxer.hikari.HikariDataSource -yewu - Start completed.
2023-06-01 16:21:24 - [main] INFO  c.b.dynamic.datasource.DynamicRoutingDataSource -dynamic-datasource - add a datasource named [yewu] success
2023-06-01 16:21:24 - [main] INFO  c.b.dynamic.datasource.DynamicRoutingDataSource -dynamic-datasource initial loaded [1] datasource,primary datasource named [yewu]
2023-06-01 16:21:29 - [main] INFO  org.apache.coyote.http11.Http11NioProtocol -Starting ProtocolHandler ["http-nio-8082"]
2023-06-01 16:21:29 - [main] INFO  o.s.boot.web.embedded.tomcat.TomcatWebServer -Tomcat started on port(s): 8082 (http) with context path ''
2023-06-01 16:21:29 - [main] INFO  com.dengzebin.netdisk.NetdiskApplication -Started NetdiskApplication in 6.0 seconds (JVM running for 8.972)
2023-06-01 16:21:38 - [http-nio-8082-exec-1] INFO  o.a.c.core.ContainerBase.[Tomcat].[localhost].[/] -Initializing Spring DispatcherServlet 'dispatcherServlet'
2023-06-01 16:21:38 - [http-nio-8082-exec-1] INFO  org.springframework.web.servlet.DispatcherServlet -Initializing Servlet 'dispatcherServlet'
2023-06-01 16:21:38 - [http-nio-8082-exec-1] INFO  org.springframework.web.servlet.DispatcherServlet -Completed initialization in 1 ms
2023-06-01 16:21:38 - [http-nio-8082-exec-1] INFO  com.dengzebin.netdisk.untils.RequestDetail -客户端请求路径：/netDisk/get_folder_list
2023-06-01 16:21:42 - [http-nio-8082-exec-4] INFO  com.dengzebin.netdisk.untils.RequestDetail -客户端请求路径：/netDisk/get_folder_list
2023-06-01 16:21:42 - [http-nio-8082-exec-3] INFO  com.dengzebin.netdisk.untils.RequestDetail -客户端请求路径：/netDisk/get_breadcrumb
2023-06-01 16:21:42 - [http-nio-8082-exec-5] INFO  com.dengzebin.netdisk.untils.RequestDetail -客户端请求路径：/netDisk/get_folder_list
2023-06-01 16:21:44 - [http-nio-8082-exec-2] INFO  com.dengzebin.netdisk.untils.RequestDetail -客户端请求路径：/netDisk/get_breadcrumb
2023-06-01 16:23:50 - [http-nio-8082-exec-6] INFO  com.dengzebin.netdisk.untils.RequestDetail -客户端请求路径：/netDisk/get_folder_list
2023-06-01 16:23:50 - [http-nio-8082-exec-7] INFO  com.dengzebin.netdisk.untils.RequestDetail -客户端请求路径：/netDisk/get_folder_list
2023-06-01 16:23:53 - [http-nio-8082-exec-8] INFO  com.dengzebin.netdisk.untils.RequestDetail -客户端请求路径：/netDisk/get_folder_list
2023-06-01 16:23:53 - [http-nio-8082-exec-9] INFO  com.dengzebin.netdisk.untils.RequestDetail -客户端请求路径：/netDisk/get_folder_list
2023-06-01 16:23:55 - [http-nio-8082-exec-10] INFO  com.dengzebin.netdisk.untils.RequestDetail -客户端请求路径：/netDisk/get_folder_list
2023-06-01 16:23:55 - [http-nio-8082-exec-1] INFO  com.dengzebin.netdisk.untils.RequestDetail -客户端请求路径：/netDisk/get_breadcrumb
2023-06-01 16:23:55 - [http-nio-8082-exec-4] INFO  com.dengzebin.netdisk.untils.RequestDetail -客户端请求路径：/netDisk/get_folder_list
2023-06-01 16:23:56 - [http-nio-8082-exec-3] INFO  com.dengzebin.netdisk.untils.RequestDetail -客户端请求路径：/netDisk/get_breadcrumb
2023-06-01 16:23:57 - [http-nio-8082-exec-5] INFO  com.dengzebin.netdisk.untils.RequestDetail -客户端请求路径：/netDisk/get_folder_list
2023-06-01 16:23:57 - [http-nio-8082-exec-2] INFO  com.dengzebin.netdisk.untils.RequestDetail -客户端请求路径：/netDisk/get_folder_list
2023-06-01 16:25:26 - [main] INFO  com.dengzebin.netdisk.NetdiskApplication -Starting NetdiskApplication using Java 11.0.6 on LAPTOP-QNRSCJLR with PID 18832 (D:\ideawork\dzbnetdisk\target\classes started by 34006 in D:\ideawork\dzbnetdisk)
2023-06-01 16:25:26 - [main] INFO  com.dengzebin.netdisk.NetdiskApplication -No active profile set, falling back to 1 default profile: "default"
2023-06-01 16:25:27 - [main] INFO  o.s.boot.web.embedded.tomcat.TomcatWebServer -Tomcat initialized with port(s): 8082 (http)
2023-06-01 16:25:27 - [main] INFO  org.apache.coyote.http11.Http11NioProtocol -Initializing ProtocolHandler ["http-nio-8082"]
2023-06-01 16:25:27 - [main] INFO  org.apache.catalina.core.StandardService -Starting service [Tomcat]
2023-06-01 16:25:27 - [main] INFO  org.apache.catalina.core.StandardEngine -Starting Servlet engine: [Apache Tomcat/9.0.75]
2023-06-01 16:25:27 - [main] INFO  o.a.c.core.ContainerBase.[Tomcat].[localhost].[/] -Initializing Spring embedded WebApplicationContext
2023-06-01 16:25:27 - [main] INFO  o.s.b.w.s.c.ServletWebServerApplicationContext -Root WebApplicationContext: initialization completed in 896 ms
2023-06-01 16:25:28 - [main] INFO  com.zaxxer.hikari.HikariDataSource -yewu - Starting...
2023-06-01 16:25:28 - [main] INFO  com.zaxxer.hikari.HikariDataSource -yewu - Start completed.
2023-06-01 16:25:28 - [main] INFO  c.b.dynamic.datasource.DynamicRoutingDataSource -dynamic-datasource - add a datasource named [yewu] success
2023-06-01 16:25:28 - [main] INFO  c.b.dynamic.datasource.DynamicRoutingDataSource -dynamic-datasource initial loaded [1] datasource,primary datasource named [yewu]
2023-06-01 16:25:32 - [main] INFO  org.apache.coyote.http11.Http11NioProtocol -Starting ProtocolHandler ["http-nio-8082"]
2023-06-01 16:25:32 - [main] INFO  o.s.boot.web.embedded.tomcat.TomcatWebServer -Tomcat started on port(s): 8082 (http) with context path ''
2023-06-01 16:25:32 - [main] INFO  com.dengzebin.netdisk.NetdiskApplication -Started NetdiskApplication in 5.766 seconds (JVM running for 8.77)
2023-06-01 16:25:44 - [http-nio-8082-exec-2] INFO  o.a.c.core.ContainerBase.[Tomcat].[localhost].[/] -Initializing Spring DispatcherServlet 'dispatcherServlet'
2023-06-01 16:25:44 - [http-nio-8082-exec-2] INFO  org.springframework.web.servlet.DispatcherServlet -Initializing Servlet 'dispatcherServlet'
2023-06-01 16:25:44 - [http-nio-8082-exec-2] INFO  org.springframework.web.servlet.DispatcherServlet -Completed initialization in 0 ms
2023-06-01 16:25:44 - [http-nio-8082-exec-2] INFO  com.dengzebin.netdisk.untils.RequestDetail -客户端请求路径：/netDisk/get_folder_list
2023-06-01 16:25:44 - [http-nio-8082-exec-1] INFO  com.dengzebin.netdisk.untils.RequestDetail -客户端请求路径：/netDisk/get_folder_list
2023-06-01 16:25:45 - [http-nio-8082-exec-4] INFO  com.dengzebin.netdisk.untils.RequestDetail -客户端请求路径：/netDisk/get_folder_list
2023-06-01 16:25:45 - [http-nio-8082-exec-5] INFO  com.dengzebin.netdisk.untils.RequestDetail -客户端请求路径：/netDisk/get_folder_list
2023-06-01 16:25:45 - [http-nio-8082-exec-3] INFO  com.dengzebin.netdisk.untils.RequestDetail -客户端请求路径：/netDisk/get_breadcrumb
2023-06-01 16:25:47 - [http-nio-8082-exec-6] INFO  com.dengzebin.netdisk.untils.RequestDetail -客户端请求路径：/netDisk/get_breadcrumb
2023-06-01 16:25:47 - [http-nio-8082-exec-7] INFO  com.dengzebin.netdisk.untils.RequestDetail -客户端请求路径：/netDisk/get_folder_list
2023-06-01 16:25:48 - [http-nio-8082-exec-8] INFO  com.dengzebin.netdisk.untils.RequestDetail -客户端请求路径：/netDisk/get_folder_list
2023-06-01 16:25:49 - [http-nio-8082-exec-9] INFO  com.dengzebin.netdisk.untils.RequestDetail -客户端请求路径：/netDisk/get_folder_list
2023-06-01 16:25:50 - [http-nio-8082-exec-2] INFO  com.dengzebin.netdisk.untils.RequestDetail -客户端请求路径：/netDisk/get_folder_list
2023-06-01 16:25:50 - [http-nio-8082-exec-10] INFO  com.dengzebin.netdisk.untils.RequestDetail -客户端请求路径：/netDisk/get_breadcrumb
2023-06-01 16:25:50 - [http-nio-8082-exec-1] INFO  com.dengzebin.netdisk.untils.RequestDetail -客户端请求路径：/netDisk/get_folder_list
2023-06-01 16:25:51 - [http-nio-8082-exec-5] INFO  com.dengzebin.netdisk.untils.RequestDetail -客户端请求路径：/netDisk/get_folder_list
2023-06-01 16:25:51 - [http-nio-8082-exec-4] INFO  com.dengzebin.netdisk.untils.RequestDetail -客户端请求路径：/netDisk/get_breadcrumb
2023-06-01 16:26:27 - [http-nio-8082-exec-3] INFO  com.dengzebin.netdisk.untils.RequestDetail -客户端请求路径：/netDisk/get_breadcrumb
2023-06-01 16:26:27 - [http-nio-8082-exec-6] INFO  com.dengzebin.netdisk.untils.RequestDetail -客户端请求路径：/netDisk/get_folder_list
2023-06-01 16:26:34 - [http-nio-8082-exec-7] INFO  com.dengzebin.netdisk.untils.RequestDetail -客户端请求路径：/netDisk/get_folder_list
2023-06-01 16:26:34 - [http-nio-8082-exec-8] INFO  com.dengzebin.netdisk.untils.RequestDetail -客户端请求路径：/netDisk/get_breadcrumb
2023-06-01 16:26:34 - [http-nio-8082-exec-9] INFO  com.dengzebin.netdisk.untils.RequestDetail -客户端请求路径：/netDisk/get_folder_list
2023-06-01 16:32:28 - [main] INFO  com.dengzebin.netdisk.NetdiskApplication -Starting NetdiskApplication using Java 11.0.6 on LAPTOP-QNRSCJLR with PID 17292 (D:\ideawork\dzbnetdisk\target\classes started by 34006 in D:\ideawork\dzbnetdisk)
2023-06-01 16:32:28 - [main] INFO  com.dengzebin.netdisk.NetdiskApplication -No active profile set, falling back to 1 default profile: "default"
2023-06-01 16:32:29 - [main] INFO  o.s.boot.web.embedded.tomcat.TomcatWebServer -Tomcat initialized with port(s): 8082 (http)
2023-06-01 16:32:29 - [main] INFO  org.apache.coyote.http11.Http11NioProtocol -Initializing ProtocolHandler ["http-nio-8082"]
2023-06-01 16:32:29 - [main] INFO  org.apache.catalina.core.StandardService -Starting service [Tomcat]
2023-06-01 16:32:29 - [main] INFO  org.apache.catalina.core.StandardEngine -Starting Servlet engine: [Apache Tomcat/9.0.75]
2023-06-01 16:32:29 - [main] INFO  o.a.c.core.ContainerBase.[Tomcat].[localhost].[/] -Initializing Spring embedded WebApplicationContext
2023-06-01 16:32:29 - [main] INFO  o.s.b.w.s.c.ServletWebServerApplicationContext -Root WebApplicationContext: initialization completed in 910 ms
2023-06-01 16:32:29 - [main] INFO  com.zaxxer.hikari.HikariDataSource -yewu - Starting...
2023-06-01 16:32:29 - [main] INFO  com.zaxxer.hikari.HikariDataSource -yewu - Start completed.
2023-06-01 16:32:29 - [main] INFO  c.b.dynamic.datasource.DynamicRoutingDataSource -dynamic-datasource - add a datasource named [yewu] success
2023-06-01 16:32:29 - [main] INFO  c.b.dynamic.datasource.DynamicRoutingDataSource -dynamic-datasource initial loaded [1] datasource,primary datasource named [yewu]
2023-06-01 16:32:33 - [main] INFO  org.apache.coyote.http11.Http11NioProtocol -Starting ProtocolHandler ["http-nio-8082"]
2023-06-01 16:32:33 - [main] INFO  o.s.boot.web.embedded.tomcat.TomcatWebServer -Tomcat started on port(s): 8082 (http) with context path ''
2023-06-01 16:32:33 - [main] INFO  com.dengzebin.netdisk.NetdiskApplication -Started NetdiskApplication in 5.712 seconds (JVM running for 8.707)
2023-06-01 16:32:45 - [http-nio-8082-exec-1] INFO  o.a.c.core.ContainerBase.[Tomcat].[localhost].[/] -Initializing Spring DispatcherServlet 'dispatcherServlet'
2023-06-01 16:32:45 - [http-nio-8082-exec-1] INFO  org.springframework.web.servlet.DispatcherServlet -Initializing Servlet 'dispatcherServlet'
2023-06-01 16:32:45 - [http-nio-8082-exec-1] INFO  org.springframework.web.servlet.DispatcherServlet -Completed initialization in 1 ms
2023-06-01 16:32:45 - [http-nio-8082-exec-1] INFO  com.dengzebin.netdisk.untils.RequestDetail -客户端请求路径：/netDisk/get_folder_list
2023-06-01 16:32:45 - [http-nio-8082-exec-2] INFO  com.dengzebin.netdisk.untils.RequestDetail -客户端请求路径：/netDisk/get_folder_list
2023-06-01 16:32:46 - [http-nio-8082-exec-4] INFO  com.dengzebin.netdisk.untils.RequestDetail -客户端请求路径：/netDisk/get_folder_list
2023-06-01 16:32:46 - [http-nio-8082-exec-3] INFO  com.dengzebin.netdisk.untils.RequestDetail -客户端请求路径：/netDisk/get_breadcrumb
2023-06-01 16:32:46 - [http-nio-8082-exec-5] INFO  com.dengzebin.netdisk.untils.RequestDetail -客户端请求路径：/netDisk/get_folder_list
2023-06-01 16:32:47 - [http-nio-8082-exec-6] INFO  com.dengzebin.netdisk.untils.RequestDetail -客户端请求路径：/netDisk/get_folder_list
2023-06-01 16:32:47 - [http-nio-8082-exec-7] INFO  com.dengzebin.netdisk.untils.RequestDetail -客户端请求路径：/netDisk/get_breadcrumb
2023-06-01 16:32:47 - [http-nio-8082-exec-8] INFO  com.dengzebin.netdisk.untils.RequestDetail -客户端请求路径：/netDisk/get_folder_list
2023-06-01 16:32:48 - [http-nio-8082-exec-9] INFO  com.dengzebin.netdisk.untils.RequestDetail -客户端请求路径：/netDisk/get_folder_list
2023-06-01 16:37:13 - [http-nio-8082-exec-10] INFO  com.dengzebin.netdisk.untils.RequestDetail -客户端请求路径：/netDisk/get_folder_list
2023-06-01 16:37:14 - [http-nio-8082-exec-1] INFO  com.dengzebin.netdisk.untils.RequestDetail -客户端请求路径：/netDisk/get_folder_list
2023-06-01 16:37:23 - [http-nio-8082-exec-2] INFO  com.dengzebin.netdisk.untils.RequestDetail -客户端请求路径：/netDisk/get_folder_list
2023-06-01 16:37:23 - [http-nio-8082-exec-4] INFO  com.dengzebin.netdisk.untils.RequestDetail -客户端请求路径：/netDisk/get_folder_list
2023-06-01 16:37:24 - [http-nio-8082-exec-5] INFO  com.dengzebin.netdisk.untils.RequestDetail -客户端请求路径：/netDisk/get_folder_list
2023-06-01 16:37:24 - [http-nio-8082-exec-3] INFO  com.dengzebin.netdisk.untils.RequestDetail -客户端请求路径：/netDisk/get_breadcrumb
2023-06-01 16:37:24 - [http-nio-8082-exec-6] INFO  com.dengzebin.netdisk.untils.RequestDetail -客户端请求路径：/netDisk/get_folder_list
2023-06-01 16:37:25 - [http-nio-8082-exec-8] INFO  com.dengzebin.netdisk.untils.RequestDetail -客户端请求路径：/netDisk/get_folder_list
2023-06-01 16:37:25 - [http-nio-8082-exec-9] INFO  com.dengzebin.netdisk.untils.RequestDetail -客户端请求路径：/netDisk/get_folder_list
2023-06-01 16:37:25 - [http-nio-8082-exec-7] INFO  com.dengzebin.netdisk.untils.RequestDetail -客户端请求路径：/netDisk/get_breadcrumb
2023-06-01 16:37:27 - [http-nio-8082-exec-10] INFO  com.dengzebin.netdisk.untils.RequestDetail -客户端请求路径：/netDisk/get_folder_list
2023-06-01 16:37:57 - [http-nio-8082-exec-1] INFO  com.dengzebin.netdisk.untils.RequestDetail -客户端请求路径：/netDisk/get_folder_list
2023-06-01 16:37:57 - [http-nio-8082-exec-2] INFO  com.dengzebin.netdisk.untils.RequestDetail -客户端请求路径：/netDisk/get_folder_list
2023-06-01 16:38:01 - [http-nio-8082-exec-4] INFO  com.dengzebin.netdisk.untils.RequestDetail -客户端请求路径：/netDisk/get_folder_list
2023-06-01 16:38:01 - [http-nio-8082-exec-5] INFO  com.dengzebin.netdisk.untils.RequestDetail -客户端请求路径：/netDisk/get_folder_list
2023-06-01 16:38:04 - [http-nio-8082-exec-6] INFO  com.dengzebin.netdisk.untils.RequestDetail -客户端请求路径：/netDisk/get_folder_list
2023-06-01 16:38:04 - [http-nio-8082-exec-3] INFO  com.dengzebin.netdisk.untils.RequestDetail -客户端请求路径：/netDisk/get_breadcrumb
2023-06-01 16:38:04 - [http-nio-8082-exec-8] INFO  com.dengzebin.netdisk.untils.RequestDetail -客户端请求路径：/netDisk/get_folder_list
2023-06-01 16:38:10 - [http-nio-8082-exec-9] INFO  com.dengzebin.netdisk.untils.RequestDetail -客户端请求路径：/netDisk/get_folder_list
2023-06-01 16:38:10 - [http-nio-8082-exec-7] INFO  com.dengzebin.netdisk.untils.RequestDetail -客户端请求路径：/netDisk/get_breadcrumb
2023-06-01 16:38:10 - [http-nio-8082-exec-10] INFO  com.dengzebin.netdisk.untils.RequestDetail -客户端请求路径：/netDisk/get_folder_list
2023-06-01 16:38:16 - [http-nio-8082-exec-1] INFO  com.dengzebin.netdisk.untils.RequestDetail -客户端请求路径：/netDisk/get_folder_list
2023-06-01 16:38:31 - [http-nio-8082-exec-2] INFO  com.dengzebin.netdisk.untils.RequestDetail -客户端请求路径：/netDisk/get_folder_list
2023-06-01 16:38:31 - [http-nio-8082-exec-4] INFO  com.dengzebin.netdisk.untils.RequestDetail -客户端请求路径：/netDisk/get_folder_list
2023-06-01 16:38:38 - [http-nio-8082-exec-5] INFO  com.dengzebin.netdisk.untils.RequestDetail -客户端请求路径：/netDisk/get_folder_list
2023-06-01 16:38:38 - [http-nio-8082-exec-6] INFO  com.dengzebin.netdisk.untils.RequestDetail -客户端请求路径：/netDisk/get_folder_list
2023-06-01 16:38:39 - [http-nio-8082-exec-8] INFO  com.dengzebin.netdisk.untils.RequestDetail -客户端请求路径：/netDisk/get_folder_list
2023-06-01 16:38:40 - [http-nio-8082-exec-3] INFO  com.dengzebin.netdisk.untils.RequestDetail -客户端请求路径：/netDisk/get_breadcrumb
2023-06-01 16:38:40 - [http-nio-8082-exec-9] INFO  com.dengzebin.netdisk.untils.RequestDetail -客户端请求路径：/netDisk/get_folder_list
2023-06-01 16:38:40 - [http-nio-8082-exec-10] INFO  com.dengzebin.netdisk.untils.RequestDetail -客户端请求路径：/netDisk/get_folder_list
2023-06-01 16:38:41 - [http-nio-8082-exec-1] INFO  com.dengzebin.netdisk.untils.RequestDetail -客户端请求路径：/netDisk/get_folder_list
2023-06-01 16:38:41 - [http-nio-8082-exec-7] INFO  com.dengzebin.netdisk.untils.RequestDetail -客户端请求路径：/netDisk/get_breadcrumb
2023-06-01 16:38:42 - [http-nio-8082-exec-2] INFO  com.dengzebin.netdisk.untils.RequestDetail -客户端请求路径：/netDisk/get_folder_list
2023-06-01 16:39:00 - [http-nio-8082-exec-4] INFO  com.dengzebin.netdisk.untils.RequestDetail -客户端请求路径：/netDisk/get_folder_list
2023-06-01 16:39:00 - [http-nio-8082-exec-5] INFO  com.dengzebin.netdisk.untils.RequestDetail -客户端请求路径：/netDisk/get_folder_list
2023-06-01 16:39:11 - [http-nio-8082-exec-6] INFO  com.dengzebin.netdisk.untils.RequestDetail -客户端请求路径：/netDisk/get_folder_list
2023-06-01 16:39:14 - [http-nio-8082-exec-8] INFO  com.dengzebin.netdisk.untils.RequestDetail -客户端请求路径：/netDisk/get_folder_list
2023-06-01 16:39:14 - [http-nio-8082-exec-9] INFO  com.dengzebin.netdisk.untils.RequestDetail -客户端请求路径：/netDisk/get_folder_list
2023-06-01 16:39:15 - [http-nio-8082-exec-3] INFO  com.dengzebin.netdisk.untils.RequestDetail -客户端请求路径：/netDisk/get_folder_list
2023-06-01 16:39:16 - [http-nio-8082-exec-7] INFO  com.dengzebin.netdisk.untils.RequestDetail -客户端请求路径：/netDisk/get_folder_list
2023-06-01 16:39:16 - [http-nio-8082-exec-10] INFO  com.dengzebin.netdisk.untils.RequestDetail -客户端请求路径：/netDisk/get_breadcrumb
2023-06-01 16:39:16 - [http-nio-8082-exec-1] INFO  com.dengzebin.netdisk.untils.RequestDetail -客户端请求路径：/netDisk/get_folder_list
2023-06-01 16:39:17 - [http-nio-8082-exec-2] INFO  com.dengzebin.netdisk.untils.RequestDetail -客户端请求路径：/netDisk/get_breadcrumb
2023-06-01 16:39:17 - [http-nio-8082-exec-4] INFO  com.dengzebin.netdisk.untils.RequestDetail -客户端请求路径：/netDisk/get_folder_list
2023-06-01 16:39:18 - [http-nio-8082-exec-5] INFO  com.dengzebin.netdisk.untils.RequestDetail -客户端请求路径：/netDisk/get_folder_list
2023-06-01 16:39:18 - [http-nio-8082-exec-8] INFO  com.dengzebin.netdisk.untils.RequestDetail -客户端请求路径：/netDisk/get_folder_list
2023-06-01 16:39:18 - [http-nio-8082-exec-6] INFO  com.dengzebin.netdisk.untils.RequestDetail -客户端请求路径：/netDisk/get_breadcrumb
2023-06-01 16:39:24 - [http-nio-8082-exec-9] INFO  com.dengzebin.netdisk.untils.RequestDetail -客户端请求路径：/netDisk/get_breadcrumb
2023-06-01 16:39:25 - [http-nio-8082-exec-3] INFO  com.dengzebin.netdisk.untils.RequestDetail -客户端请求路径：/netDisk/get_folder_list
2023-06-01 16:42:32 - [http-nio-8082-exec-7] INFO  com.dengzebin.netdisk.untils.RequestDetail -客户端请求路径：/netDisk/get_folder_list
2023-06-01 16:42:32 - [http-nio-8082-exec-10] INFO  com.dengzebin.netdisk.untils.RequestDetail -客户端请求路径：/netDisk/get_folder_list
2023-06-01 16:42:35 - [http-nio-8082-exec-1] INFO  com.dengzebin.netdisk.untils.RequestDetail -客户端请求路径：/netDisk/get_folder_list
2023-06-01 16:42:35 - [http-nio-8082-exec-4] INFO  com.dengzebin.netdisk.untils.RequestDetail -客户端请求路径：/netDisk/get_folder_list
2023-06-01 16:42:37 - [http-nio-8082-exec-2] INFO  com.dengzebin.netdisk.untils.RequestDetail -客户端请求路径：/netDisk/get_folder_list
2023-06-01 16:42:37 - [http-nio-8082-exec-5] INFO  com.dengzebin.netdisk.untils.RequestDetail -客户端请求路径：/netDisk/get_breadcrumb
2023-06-01 16:42:37 - [http-nio-8082-exec-8] INFO  com.dengzebin.netdisk.untils.RequestDetail -客户端请求路径：/netDisk/get_folder_list
2023-06-01 16:42:38 - [http-nio-8082-exec-6] INFO  com.dengzebin.netdisk.untils.RequestDetail -客户端请求路径：/netDisk/get_folder_list
2023-06-01 16:42:38 - [http-nio-8082-exec-9] INFO  com.dengzebin.netdisk.untils.RequestDetail -客户端请求路径：/netDisk/get_breadcrumb
2023-06-01 16:42:38 - [http-nio-8082-exec-3] INFO  com.dengzebin.netdisk.untils.RequestDetail -客户端请求路径：/netDisk/get_folder_list
2023-06-01 16:42:39 - [http-nio-8082-exec-7] INFO  com.dengzebin.netdisk.untils.RequestDetail -客户端请求路径：/netDisk/get_folder_list
2023-06-01 16:42:39 - [http-nio-8082-exec-1] INFO  com.dengzebin.netdisk.untils.RequestDetail -客户端请求路径：/netDisk/get_folder_list
2023-06-01 16:42:39 - [http-nio-8082-exec-10] INFO  com.dengzebin.netdisk.untils.RequestDetail -客户端请求路径：/netDisk/get_breadcrumb
2023-06-01 16:42:40 - [http-nio-8082-exec-4] INFO  com.dengzebin.netdisk.untils.RequestDetail -客户端请求路径：/netDisk/get_breadcrumb
2023-06-01 16:42:40 - [http-nio-8082-exec-2] INFO  com.dengzebin.netdisk.untils.RequestDetail -客户端请求路径：/netDisk/get_folder_list
2023-06-01 16:42:42 - [http-nio-8082-exec-5] INFO  com.dengzebin.netdisk.untils.RequestDetail -客户端请求路径：/netDisk/get_breadcrumb
2023-06-01 16:42:42 - [http-nio-8082-exec-8] INFO  com.dengzebin.netdisk.untils.RequestDetail -客户端请求路径：/netDisk/get_folder_list
2023-06-01 16:42:44 - [http-nio-8082-exec-6] INFO  com.dengzebin.netdisk.untils.RequestDetail -客户端请求路径：/netDisk/get_breadcrumb
2023-06-01 16:42:45 - [http-nio-8082-exec-3] INFO  com.dengzebin.netdisk.untils.RequestDetail -客户端请求路径：/netDisk/get_folder_list
2023-06-01 16:42:45 - [http-nio-8082-exec-9] INFO  com.dengzebin.netdisk.untils.RequestDetail -客户端请求路径：/netDisk/get_folder_list
2023-06-01 16:42:58 - [http-nio-8082-exec-7] INFO  com.dengzebin.netdisk.untils.RequestDetail -客户端请求路径：/netDisk/create_folder
2023-06-01 16:43:03 - [http-nio-8082-exec-1] INFO  com.dengzebin.netdisk.untils.RequestDetail -客户端请求路径：/netDisk/update_folder
2023-06-01 16:43:05 - [http-nio-8082-exec-10] INFO  com.dengzebin.netdisk.untils.RequestDetail -客户端请求路径：/netDisk/get_folder_list
2023-06-01 16:43:05 - [http-nio-8082-exec-4] INFO  com.dengzebin.netdisk.untils.RequestDetail -客户端请求路径：/netDisk/get_breadcrumb
2023-06-01 16:43:05 - [http-nio-8082-exec-2] INFO  com.dengzebin.netdisk.untils.RequestDetail -客户端请求路径：/netDisk/get_folder_list
2023-06-01 16:43:06 - [http-nio-8082-exec-8] INFO  com.dengzebin.netdisk.untils.RequestDetail -客户端请求路径：/netDisk/get_breadcrumb
2023-06-01 16:43:07 - [http-nio-8082-exec-5] INFO  com.dengzebin.netdisk.untils.RequestDetail -客户端请求路径：/netDisk/get_folder_list
2023-06-01 16:43:07 - [http-nio-8082-exec-6] INFO  com.dengzebin.netdisk.untils.RequestDetail -客户端请求路径：/netDisk/get_folder_list
2023-06-01 16:43:21 - [http-nio-8082-exec-3] INFO  com.dengzebin.netdisk.untils.RequestDetail -客户端请求路径：/netDisk/get_folder_list
2023-06-01 16:43:21 - [http-nio-8082-exec-7] INFO  com.dengzebin.netdisk.untils.RequestDetail -客户端请求路径：/netDisk/get_folder_list
2023-06-01 16:43:21 - [http-nio-8082-exec-9] INFO  com.dengzebin.netdisk.untils.RequestDetail -客户端请求路径：/netDisk/get_breadcrumb
2023-06-01 16:43:22 - [http-nio-8082-exec-1] INFO  com.dengzebin.netdisk.untils.RequestDetail -客户端请求路径：/netDisk/get_folder_list
2023-06-01 16:43:23 - [http-nio-8082-exec-10] INFO  com.dengzebin.netdisk.untils.RequestDetail -客户端请求路径：/netDisk/get_breadcrumb
2023-06-01 16:43:23 - [http-nio-8082-exec-2] INFO  com.dengzebin.netdisk.untils.RequestDetail -客户端请求路径：/netDisk/get_folder_list
2023-06-01 16:43:25 - [http-nio-8082-exec-4] INFO  com.dengzebin.netdisk.untils.RequestDetail -客户端请求路径：/netDisk/get_breadcrumb
2023-06-01 16:43:25 - [http-nio-8082-exec-8] INFO  com.dengzebin.netdisk.untils.RequestDetail -客户端请求路径：/netDisk/get_folder_list
2023-06-01 16:43:26 - [http-nio-8082-exec-5] INFO  com.dengzebin.netdisk.untils.RequestDetail -客户端请求路径：/netDisk/get_folder_list
2023-06-01 16:43:27 - [http-nio-8082-exec-6] INFO  com.dengzebin.netdisk.untils.RequestDetail -客户端请求路径：/netDisk/get_folder_list
2023-06-01 16:43:27 - [http-nio-8082-exec-3] INFO  com.dengzebin.netdisk.untils.RequestDetail -客户端请求路径：/netDisk/get_breadcrumb
2023-06-01 16:43:27 - [http-nio-8082-exec-7] INFO  com.dengzebin.netdisk.untils.RequestDetail -客户端请求路径：/netDisk/get_folder_list
2023-06-01 16:43:29 - [http-nio-8082-exec-9] INFO  com.dengzebin.netdisk.untils.RequestDetail -客户端请求路径：/netDisk/get_breadcrumb
2023-06-01 16:43:29 - [http-nio-8082-exec-1] INFO  com.dengzebin.netdisk.untils.RequestDetail -客户端请求路径：/netDisk/get_folder_list
2023-06-01 16:43:29 - [http-nio-8082-exec-2] INFO  com.dengzebin.netdisk.untils.RequestDetail -客户端请求路径：/netDisk/get_folder_list
2023-06-01 16:46:30 - [main] INFO  com.dengzebin.netdisk.NetdiskApplication -Starting NetdiskApplication using Java 11.0.6 on LAPTOP-QNRSCJLR with PID 17740 (D:\ideawork\dzbnetdisk\target\classes started by 34006 in D:\ideawork\dzbnetdisk)
2023-06-01 16:46:30 - [main] INFO  com.dengzebin.netdisk.NetdiskApplication -No active profile set, falling back to 1 default profile: "default"
2023-06-01 16:46:31 - [main] INFO  o.s.boot.web.embedded.tomcat.TomcatWebServer -Tomcat initialized with port(s): 8082 (http)
2023-06-01 16:46:31 - [main] INFO  org.apache.coyote.http11.Http11NioProtocol -Initializing ProtocolHandler ["http-nio-8082"]
2023-06-01 16:46:31 - [main] INFO  org.apache.catalina.core.StandardService -Starting service [Tomcat]
2023-06-01 16:46:31 - [main] INFO  org.apache.catalina.core.StandardEngine -Starting Servlet engine: [Apache Tomcat/9.0.75]
2023-06-01 16:46:31 - [main] INFO  o.a.c.core.ContainerBase.[Tomcat].[localhost].[/] -Initializing Spring embedded WebApplicationContext
2023-06-01 16:46:31 - [main] INFO  o.s.b.w.s.c.ServletWebServerApplicationContext -Root WebApplicationContext: initialization completed in 976 ms
2023-06-01 16:46:31 - [main] INFO  com.zaxxer.hikari.HikariDataSource -yewu - Starting...
2023-06-01 16:46:31 - [main] INFO  com.zaxxer.hikari.HikariDataSource -yewu - Start completed.
2023-06-01 16:46:31 - [main] INFO  c.b.dynamic.datasource.DynamicRoutingDataSource -dynamic-datasource - add a datasource named [yewu] success
2023-06-01 16:46:31 - [main] INFO  c.b.dynamic.datasource.DynamicRoutingDataSource -dynamic-datasource initial loaded [1] datasource,primary datasource named [yewu]
2023-06-01 16:46:36 - [main] INFO  org.apache.coyote.http11.Http11NioProtocol -Starting ProtocolHandler ["http-nio-8082"]
2023-06-01 16:46:36 - [main] INFO  o.s.boot.web.embedded.tomcat.TomcatWebServer -Tomcat started on port(s): 8082 (http) with context path ''
2023-06-01 16:46:36 - [main] INFO  com.dengzebin.netdisk.NetdiskApplication -Started NetdiskApplication in 6.007 seconds (JVM running for 9.49)
2023-06-01 16:47:01 - [http-nio-8082-exec-1] INFO  o.a.c.core.ContainerBase.[Tomcat].[localhost].[/] -Initializing Spring DispatcherServlet 'dispatcherServlet'
2023-06-01 16:47:01 - [http-nio-8082-exec-1] INFO  org.springframework.web.servlet.DispatcherServlet -Initializing Servlet 'dispatcherServlet'
2023-06-01 16:47:01 - [http-nio-8082-exec-1] INFO  org.springframework.web.servlet.DispatcherServlet -Completed initialization in 1 ms
2023-06-01 16:47:01 - [http-nio-8082-exec-1] INFO  com.dengzebin.netdisk.untils.RequestDetail -客户端请求路径：/netDisk/get_folder_list
2023-06-01 16:47:01 - [http-nio-8082-exec-2] INFO  com.dengzebin.netdisk.untils.RequestDetail -客户端请求路径：/netDisk/get_folder_list
2023-06-01 16:47:03 - [http-nio-8082-exec-3] INFO  com.dengzebin.netdisk.untils.RequestDetail -客户端请求路径：/netDisk/get_folder_list
2023-06-01 16:47:03 - [http-nio-8082-exec-4] INFO  com.dengzebin.netdisk.untils.RequestDetail -客户端请求路径：/netDisk/get_breadcrumb
2023-06-01 16:47:03 - [http-nio-8082-exec-5] INFO  com.dengzebin.netdisk.untils.RequestDetail -客户端请求路径：/netDisk/get_folder_list
2023-06-01 16:47:03 - [http-nio-8082-exec-6] INFO  com.dengzebin.netdisk.untils.RequestDetail -客户端请求路径：/netDisk/get_folder_list
2023-06-01 16:47:04 - [http-nio-8082-exec-7] INFO  com.dengzebin.netdisk.untils.RequestDetail -客户端请求路径：/netDisk/get_breadcrumb
2023-06-01 16:47:04 - [http-nio-8082-exec-8] INFO  com.dengzebin.netdisk.untils.RequestDetail -客户端请求路径：/netDisk/get_folder_list
2023-06-01 16:48:16 - [http-nio-8082-exec-9] INFO  com.dengzebin.netdisk.untils.RequestDetail -客户端请求路径：/netDisk/get_folder_list
2023-06-01 16:48:16 - [http-nio-8082-exec-10] INFO  com.dengzebin.netdisk.untils.RequestDetail -客户端请求路径：/netDisk/get_folder_list
2023-06-01 16:48:17 - [http-nio-8082-exec-1] INFO  com.dengzebin.netdisk.untils.RequestDetail -客户端请求路径：/netDisk/get_folder_list
2023-06-01 16:48:18 - [http-nio-8082-exec-2] INFO  com.dengzebin.netdisk.untils.RequestDetail -客户端请求路径：/netDisk/get_breadcrumb
2023-06-01 16:48:18 - [http-nio-8082-exec-3] INFO  com.dengzebin.netdisk.untils.RequestDetail -客户端请求路径：/netDisk/get_folder_list
2023-06-01 16:50:16 - [http-nio-8082-exec-5] INFO  com.dengzebin.netdisk.untils.RequestDetail -客户端请求路径：/netDisk/get_folder_list
2023-06-01 16:50:16 - [http-nio-8082-exec-4] INFO  com.dengzebin.netdisk.untils.RequestDetail -客户端请求路径：/netDisk/get_folder_list
2023-06-01 16:50:42 - [http-nio-8082-exec-6] INFO  com.dengzebin.netdisk.untils.RequestDetail -客户端请求路径：/netDisk/get_folder_list
2023-06-01 16:50:42 - [http-nio-8082-exec-8] INFO  com.dengzebin.netdisk.untils.RequestDetail -客户端请求路径：/netDisk/get_folder_list
2023-06-01 16:50:49 - [http-nio-8082-exec-7] INFO  com.dengzebin.netdisk.untils.RequestDetail -客户端请求路径：/netDisk/get_folder_list
2023-06-01 16:50:50 - [http-nio-8082-exec-9] INFO  com.dengzebin.netdisk.untils.RequestDetail -客户端请求路径：/netDisk/get_breadcrumb
2023-06-01 16:50:50 - [http-nio-8082-exec-10] INFO  com.dengzebin.netdisk.untils.RequestDetail -客户端请求路径：/netDisk/get_folder_list
2023-06-01 16:50:54 - [http-nio-8082-exec-1] INFO  com.dengzebin.netdisk.untils.RequestDetail -客户端请求路径：/netDisk/create_folder
2023-06-01 16:51:01 - [http-nio-8082-exec-3] INFO  com.dengzebin.netdisk.untils.RequestDetail -客户端请求路径：/netDisk/update_folder
2023-06-01 16:51:08 - [http-nio-8082-exec-2] INFO  com.dengzebin.netdisk.untils.RequestDetail -客户端请求路径：/netDisk/get_breadcrumb
2023-06-01 16:51:09 - [http-nio-8082-exec-5] INFO  com.dengzebin.netdisk.untils.RequestDetail -客户端请求路径：/netDisk/get_folder_list
2023-06-01 16:51:09 - [http-nio-8082-exec-4] INFO  com.dengzebin.netdisk.untils.RequestDetail -客户端请求路径：/netDisk/get_folder_list
2023-06-01 16:51:10 - [http-nio-8082-exec-6] INFO  com.dengzebin.netdisk.untils.RequestDetail -客户端请求路径：/netDisk/get_folder_list
2023-06-01 16:51:10 - [http-nio-8082-exec-8] INFO  com.dengzebin.netdisk.untils.RequestDetail -客户端请求路径：/netDisk/get_breadcrumb
2023-06-01 16:51:10 - [http-nio-8082-exec-7] INFO  com.dengzebin.netdisk.untils.RequestDetail -客户端请求路径：/netDisk/get_folder_list
2023-06-01 16:51:19 - [http-nio-8082-exec-9] INFO  com.dengzebin.netdisk.untils.RequestDetail -客户端请求路径：/netDisk/create_folder
2023-06-01 16:51:23 - [http-nio-8082-exec-10] INFO  com.dengzebin.netdisk.untils.RequestDetail -客户端请求路径：/netDisk/update_folder
2023-06-01 16:51:26 - [http-nio-8082-exec-1] INFO  com.dengzebin.netdisk.untils.RequestDetail -客户端请求路径：/netDisk/get_breadcrumb
2023-06-01 16:51:26 - [http-nio-8082-exec-3] INFO  com.dengzebin.netdisk.untils.RequestDetail -客户端请求路径：/netDisk/get_folder_list
2023-06-01 16:51:26 - [http-nio-8082-exec-2] INFO  com.dengzebin.netdisk.untils.RequestDetail -客户端请求路径：/netDisk/get_folder_list
2023-06-01 16:51:27 - [http-nio-8082-exec-5] INFO  com.dengzebin.netdisk.untils.RequestDetail -客户端请求路径：/netDisk/get_folder_list
2023-06-01 16:51:28 - [http-nio-8082-exec-4] INFO  com.dengzebin.netdisk.untils.RequestDetail -客户端请求路径：/netDisk/get_breadcrumb
2023-06-01 16:51:28 - [http-nio-8082-exec-6] INFO  com.dengzebin.netdisk.untils.RequestDetail -客户端请求路径：/netDisk/get_folder_list
2023-06-01 16:51:28 - [http-nio-8082-exec-7] INFO  com.dengzebin.netdisk.untils.RequestDetail -客户端请求路径：/netDisk/get_breadcrumb
2023-06-01 16:51:29 - [http-nio-8082-exec-8] INFO  com.dengzebin.netdisk.untils.RequestDetail -客户端请求路径：/netDisk/get_folder_list
2023-06-01 16:51:29 - [http-nio-8082-exec-9] INFO  com.dengzebin.netdisk.untils.RequestDetail -客户端请求路径：/netDisk/get_folder_list
2023-06-01 16:51:31 - [http-nio-8082-exec-10] INFO  com.dengzebin.netdisk.untils.RequestDetail -客户端请求路径：/netDisk/get_folder_list
2023-06-01 16:51:32 - [http-nio-8082-exec-3] INFO  com.dengzebin.netdisk.untils.RequestDetail -客户端请求路径：/netDisk/get_folder_list
2023-06-01 16:51:32 - [http-nio-8082-exec-1] INFO  com.dengzebin.netdisk.untils.RequestDetail -客户端请求路径：/netDisk/get_breadcrumb
2023-06-01 16:51:33 - [http-nio-8082-exec-2] INFO  com.dengzebin.netdisk.untils.RequestDetail -客户端请求路径：/netDisk/get_folder_list
2023-06-01 16:51:33 - [http-nio-8082-exec-5] INFO  com.dengzebin.netdisk.untils.RequestDetail -客户端请求路径：/netDisk/get_breadcrumb
2023-06-01 16:51:33 - [http-nio-8082-exec-6] INFO  com.dengzebin.netdisk.untils.RequestDetail -客户端请求路径：/netDisk/get_folder_list
2023-06-01 16:51:35 - [http-nio-8082-exec-4] INFO  com.dengzebin.netdisk.untils.RequestDetail -客户端请求路径：/netDisk/get_breadcrumb
2023-06-01 16:51:36 - [http-nio-8082-exec-7] INFO  com.dengzebin.netdisk.untils.RequestDetail -客户端请求路径：/netDisk/get_folder_list
2023-06-01 16:51:36 - [http-nio-8082-exec-8] INFO  com.dengzebin.netdisk.untils.RequestDetail -客户端请求路径：/netDisk/get_folder_list
